Log file open, 02/21/22 20:59:38
LogWindows: Failed to load 'aqProf.dll' (GetLastError=126)
LogWindows: File 'aqProf.dll' does not exist
LogWindows: Failed to load 'VtuneApi.dll' (GetLastError=126)
LogWindows: File 'VtuneApi.dll' does not exist
LogWindows: Failed to load 'VtuneApi32e.dll' (GetLastError=126)
LogWindows: File 'VtuneApi32e.dll' does not exist
LogConsoleResponse: Display: Failed to find resolution value strings in scalability ini. Falling back to default.
LogConsoleResponse: Display: Failed to find resolution value strings in scalability ini. Falling back to default.
LogInit: Display: Running engine for game: RubiksCubeSolver
LogPlatformFile: Not using cached read wrapper
LogTaskGraph: Started task graph with 5 named threads and 14 total threads with 3 sets of task threads.
LogStats: Stats thread started at 0.278552
LogICUInternationalization: ICU TimeZone Detection - Raw Offset: -5:00, Platform Override: ''
LogInit: Display: Loading text-based GConfig....
LogPluginManager: Mounting plugin MeshPainting
LogPluginManager: Mounting plugin XGEController
LogPluginManager: Mounting plugin Paper2D
LogPluginManager: Mounting plugin AISupport
LogPluginManager: Mounting plugin EnvironmentQueryEditor
LogPluginManager: Mounting plugin LightPropagationVolume
LogPluginManager: Mounting plugin CameraShakePreviewer
LogPluginManager: Mounting plugin GameplayCameras
LogPluginManager: Mounting plugin OodleData
LogPluginManager: Mounting plugin OodleNetwork
LogPluginManager: Mounting plugin AnimationSharing
LogPluginManager: Mounting plugin CLionSourceCodeAccess
LogPluginManager: Mounting plugin CodeLiteSourceCodeAccess
LogPluginManager: Mounting plugin GitSourceControl
LogPluginManager: Mounting plugin KDevelopSourceCodeAccess
LogPluginManager: Mounting plugin NullSourceCodeAccess
LogPluginManager: Mounting plugin PerforceSourceControl
LogPluginManager: Mounting plugin PixWinPlugin
LogPluginManager: Mounting plugin PlasticSourceControl
LogPluginManager: Mounting plugin PluginUtils
LogPluginManager: Mounting plugin PropertyAccessNode
LogPluginManager: Mounting plugin RiderSourceCodeAccess
LogPluginManager: Mounting plugin SubversionSourceControl
LogPluginManager: Mounting plugin TextureFormatOodle
LogPluginManager: Mounting plugin UObjectPlugin
LogPluginManager: Mounting plugin VisualStudioCodeSourceCodeAccess
LogPluginManager: Mounting plugin VisualStudioSourceCodeAccess
LogPluginManager: Mounting plugin XCodeSourceCodeAccess
LogPluginManager: Mounting plugin AssetManagerEditor
LogPluginManager: Mounting plugin CryptoKeys
LogPluginManager: Mounting plugin CurveEditorTools
LogPluginManager: Mounting plugin DataValidation
LogPluginManager: Mounting plugin FacialAnimation
LogPluginManager: Mounting plugin GameplayTagsEditor
LogPluginManager: Mounting plugin GeometryMode
LogPluginManager: Mounting plugin MacGraphicsSwitching
LogPluginManager: Mounting plugin MaterialAnalyzer
LogPluginManager: Mounting plugin MobileLauncherProfileWizard
LogPluginManager: Mounting plugin PluginBrowser
LogPluginManager: Mounting plugin SpeedTreeImporter
LogPluginManager: Mounting plugin DatasmithContent
LogPluginManager: Mounting plugin VariantManagerContent
LogPluginManager: Mounting plugin Niagara
LogPluginManager: Mounting plugin AlembicImporter
LogPluginManager: Mounting plugin AutomationUtils
LogPluginManager: Mounting plugin BackChannel
LogPluginManager: Mounting plugin ChaosClothEditor
LogPluginManager: Mounting plugin ChaosEditor
LogPluginManager: Mounting plugin ChaosNiagara
LogPluginManager: Mounting plugin ChaosSolverPlugin
LogPluginManager: Mounting plugin CharacterAI
LogPluginManager: Mounting plugin ChaosCloth
LogPluginManager: Mounting plugin GeometryCache
LogPluginManager: Mounting plugin GeometryCollectionPlugin
LogPluginManager: Mounting plugin LuminPlatformFeatures
LogPluginManager: Mounting plugin MagicLeap
LogPluginManager: Mounting plugin MagicLeapLightEstimation
LogPluginManager: Mounting plugin MagicLeapMedia
LogPluginManager: Mounting plugin MagicLeapPassableWorld
LogPluginManager: Mounting plugin MLSDK
LogPluginManager: Mounting plugin GeometryProcessing
LogPluginManager: Mounting plugin MotoSynth
LogPluginManager: Mounting plugin OpenImageDenoise
LogPluginManager: Mounting plugin PlanarCut
LogPluginManager: Mounting plugin PlatformCrypto
LogPluginManager: Mounting plugin ProxyLODPlugin
LogPluginManager: Mounting plugin PythonScriptPlugin
LogPluginManager: Mounting plugin SkeletalReduction
LogPluginManager: Mounting plugin AndroidMedia
LogPluginManager: Mounting plugin AvfMedia
LogPluginManager: Mounting plugin ImgMedia
LogPluginManager: Mounting plugin MediaCompositing
LogPluginManager: Mounting plugin MediaPlayerEditor
LogPluginManager: Mounting plugin WebMMedia
LogPluginManager: Mounting plugin WmfMedia
LogPluginManager: Mounting plugin TcpMessaging
LogPluginManager: Mounting plugin UdpMessaging
LogPluginManager: Mounting plugin ActorSequence
LogPluginManager: Mounting plugin LevelSequenceEditor
LogPluginManager: Mounting plugin MatineeToLevelSequence
LogPluginManager: Mounting plugin TemplateSequence
LogPluginManager: Mounting plugin OnlineSubsystem
LogPluginManager: Mounting plugin OnlineSubsystemNull
LogPluginManager: Mounting plugin OnlineSubsystemUtils
LogPluginManager: Mounting plugin LauncherChunkInstaller
LogPluginManager: Mounting plugin ActorLayerUtilities
LogPluginManager: Mounting plugin AndroidDeviceProfileSelector
LogPluginManager: Mounting plugin AndroidMoviePlayer
LogPluginManager: Mounting plugin AndroidPermission
LogPluginManager: Mounting plugin AppleImageUtils
LogPluginManager: Mounting plugin AppleMoviePlayer
LogPluginManager: Mounting plugin ArchVisCharacter
LogPluginManager: Mounting plugin AssetTags
LogPluginManager: Mounting plugin AudioCapture
LogPluginManager: Mounting plugin AudioSynesthesia
LogPluginManager: Mounting plugin CableComponent
LogPluginManager: Mounting plugin ChunkDownloader
LogPluginManager: Mounting plugin CustomMeshComponent
LogPluginManager: Mounting plugin EditableMesh
LogPluginManager: Mounting plugin ExampleDeviceProfileSelector
LogPluginManager: Mounting plugin GoogleCloudMessaging
LogPluginManager: Mounting plugin GooglePAD
LogPluginManager: Mounting plugin IOSDeviceProfileSelector
LogPluginManager: Mounting plugin LinuxDeviceProfileSelector
LogPluginManager: Mounting plugin LocationServicesBPLibrary
LogPluginManager: Mounting plugin MobilePatchingUtils
LogPluginManager: Mounting plugin OpenXR
LogPluginManager: Mounting plugin OpenXREyeTracker
LogPluginManager: Mounting plugin OpenXRHandTracking
LogPluginManager: Mounting plugin PhysXVehicles
LogPluginManager: Mounting plugin ProceduralMeshComponent
LogPluginManager: Mounting plugin PostSplashScreen
LogPluginManager: Mounting plugin PropertyAccessEditor
LogPluginManager: Mounting plugin RuntimePhysXCooking
LogPluginManager: Mounting plugin SignificanceManager
LogPluginManager: Mounting plugin SoundFields
LogPluginManager: Mounting plugin Synthesis
LogPluginManager: Mounting plugin WebMMoviePlayer
LogPluginManager: Mounting plugin WindowsMoviePlayer
LogPluginManager: Mounting plugin ScreenshotTools
LogPluginManager: Mounting plugin Takes
LogPluginManager: Mounting plugin LiveLink
LogPluginManager: Mounting plugin ContentBrowserAssetDataSource
LogPluginManager: Mounting plugin ContentBrowserClassDataSource
LogPluginManager: Mounting plugin ContentBrowserFileDataSource
LogPluginManager: Mounting plugin OnlineSubsystemGooglePlay
LogPluginManager: Mounting plugin OnlineSubsystemIOS
LogPluginManager: Mounting plugin OculusVR
LogPluginManager: Mounting plugin SteamVR
PixWinPlugin: PIX capture plugin failed to initialize! Check that the process is launched from PIX.
LogInit: Using libcurl 7.55.1-DEV
LogInit:  - built for x86_64-pc-win32
LogInit:  - supports SSL with OpenSSL/1.1.1
LogInit:  - supports HTTP deflate (compression) using libz 1.2.8
LogInit:  - other features:
LogInit:      CURL_VERSION_SSL
LogInit:      CURL_VERSION_LIBZ
LogInit:      CURL_VERSION_IPV6
LogInit:      CURL_VERSION_ASYNCHDNS
LogInit:      CURL_VERSION_LARGEFILE
LogInit:      CURL_VERSION_IDN
LogInit:  CurlRequestOptions (configurable via config and command line):
LogInit:  - bVerifyPeer = true  - Libcurl will verify peer certificate
LogInit:  - bUseHttpProxy = false  - Libcurl will NOT use HTTP proxy
LogInit:  - bDontReuseConnections = false  - Libcurl will reuse connections
LogInit:  - MaxHostConnections = 16  - Libcurl will limit the number of connections to a host
LogInit:  - LocalHostAddr = Default
LogInit:  - BufferSize = 65536
LogOnline: OSS: Creating online subsystem instance for: NULL
LogInit: WinSock: version 1.1 (2.2), MaxSocks=32767, MaxUdp=65467
LogOnline: OSS: TryLoadSubsystemAndSetDefault: Loaded subsystem for module [NULL]
LogOculusPluginWrapper: OculusPlugin initialized successfully
LogHMD: Failed initializing OVRPlugin 1.59.0
LogInit: Build: ++UE4+Release-4.27-CL-18319896
LogInit: Engine Version: 4.27.2-18319896+++UE4+Release-4.27
LogInit: Compatible Engine Version: 4.27.0-17155196+++UE4+Release-4.27
LogInit: Net CL: 17155196
LogInit: OS: Windows 10 (Release 2009) (), CPU: Intel(R) Core(TM) i5-4690K CPU @ 3.50GHz, GPU: NVIDIA GeForce GTX 960
LogInit: Compiled (64-bit): Nov 30 2021 07:12:08
LogInit: Compiled with Visual C++: 19.24.28315.00
LogInit: Build Configuration: Development
LogInit: Branch Name: ++UE4+Release-4.27
LogInit: Command Line: 
LogInit: Base Directory: C:/Program Files/Epic Games/UE_4.27/Engine/Binaries/Win64/
LogInit: Allocator: TBB
LogInit: Installed Engine Build: 1
LogDevObjectVersion: Number of dev versions registered: 29
LogDevObjectVersion:   Dev-Blueprints (B0D832E4-1F89-4F0D-ACCF-7EB736FD4AA2): 10
LogDevObjectVersion:   Dev-Build (E1C64328-A22C-4D53-A36C-8E866417BD8C): 0
LogDevObjectVersion:   Dev-Core (375EC13C-06E4-48FB-B500-84F0262A717E): 4
LogDevObjectVersion:   Dev-Editor (E4B068ED-F494-42E9-A231-DA0B2E46BB41): 40
LogDevObjectVersion:   Dev-Framework (CFFC743F-43B0-4480-9391-14DF171D2073): 37
LogDevObjectVersion:   Dev-Mobile (B02B49B5-BB20-44E9-A304-32B752E40360): 3
LogDevObjectVersion:   Dev-Networking (A4E4105C-59A1-49B5-A7C5-40C4547EDFEE): 0
LogDevObjectVersion:   Dev-Online (39C831C9-5AE6-47DC-9A44-9C173E1C8E7C): 0
LogDevObjectVersion:   Dev-Physics (78F01B33-EBEA-4F98-B9B4-84EACCB95AA2): 14
LogDevObjectVersion:   Dev-Platform (6631380F-2D4D-43E0-8009-CF276956A95A): 0
LogDevObjectVersion:   Dev-Rendering (12F88B9F-8875-4AFC-A67C-D90C383ABD29): 45
LogDevObjectVersion:   Dev-Sequencer (7B5AE74C-D270-4C10-A958-57980B212A5A): 13
LogDevObjectVersion:   Dev-VR (D7296918-1DD6-4BDD-9DE2-64A83CC13884): 3
LogDevObjectVersion:   Dev-LoadTimes (C2A15278-BFE7-4AFE-6C17-90FF531DF755): 1
LogDevObjectVersion:   Private-Geometry (6EACA3D4-40EC-4CC1-B786-8BED09428FC5): 3
LogDevObjectVersion:   Dev-AnimPhys (29E575DD-E0A3-4627-9D10-D276232CDCEA): 17
LogDevObjectVersion:   Dev-Anim (AF43A65D-7FD3-4947-9873-3E8ED9C1BB05): 15
LogDevObjectVersion:   Dev-ReflectionCapture (6B266CEC-1EC7-4B8F-A30B-E4D90942FC07): 1
LogDevObjectVersion:   Dev-Automation (0DF73D61-A23F-47EA-B727-89E90C41499A): 1
LogDevObjectVersion:   FortniteMain (601D1886-AC64-4F84-AA16-D3DE0DEAC7D6): 47
LogDevObjectVersion:   FortniteRelease (E7086368-6B23-4C58-8439-1B7016265E91): 1
LogDevObjectVersion:   Dev-Enterprise (9DFFBCD6-494F-0158-E221-12823C92A888): 10
LogDevObjectVersion:   Dev-Niagara (F2AED0AC-9AFE-416F-8664-AA7FFA26D6FC): 1
LogDevObjectVersion:   Dev-Destruction (174F1F0B-B4C6-45A5-B13F-2EE8D0FB917D): 10
LogDevObjectVersion:   Dev-Physics-Ext (35F94A83-E258-406C-A318-09F59610247C): 41
LogDevObjectVersion:   Dev-PhysicsMaterial-Chaos (B68FC16E-8B1B-42E2-B453-215C058844FE): 1
LogDevObjectVersion:   Dev-CineCamera (B2E18506-4273-CFC2-A54E-F4BB758BBA07): 1
LogDevObjectVersion:   Dev-VirtualProduction (64F58936-FD1B-42BA-BA96-7289D5D0FA4E): 1
LogDevObjectVersion:   Dev-MediaFramework (6F0ED827-A609-4895-9C91-998D90180EA4): 2
LogInit: Presizing for max 25165824 objects, including 0 objects not considered by GC, pre-allocating 0 bytes for permanent pool.
LogConfig: Applying CVar settings from Section [/Script/Engine.StreamingSettings] File [C:/Users/Ludo/source/repos/rubiks-cube-solver/RubiksCubeSolver/Saved/Config/Windows/Engine.ini]
LogConfig: Setting CVar [[s.MinBulkDataSizeForAsyncLoading:131072]]
LogConfig: Setting CVar [[s.AsyncLoadingThreadEnabled:0]]
LogConfig: Setting CVar [[s.EventDrivenLoaderEnabled:1]]
LogConfig: Setting CVar [[s.WarnIfTimeLimitExceeded:0]]
LogConfig: Setting CVar [[s.TimeLimitExceededMultiplier:1.5]]
LogConfig: Setting CVar [[s.TimeLimitExceededMinTime:0.005]]
LogConfig: Setting CVar [[s.UseBackgroundLevelStreaming:1]]
LogConfig: Setting CVar [[s.PriorityAsyncLoadingExtraTime:15.0]]
LogConfig: Setting CVar [[s.LevelStreamingActorsUpdateTimeLimit:5.0]]
LogConfig: Setting CVar [[s.PriorityLevelStreamingActorsUpdateExtraTime:5.0]]
LogConfig: Setting CVar [[s.LevelStreamingComponentsRegistrationGranularity:10]]
LogConfig: Setting CVar [[s.UnregisterComponentsTimeLimit:1.0]]
LogConfig: Setting CVar [[s.LevelStreamingComponentsUnregistrationGranularity:5]]
LogConfig: Setting CVar [[s.FlushStreamingOnExit:1]]
LogInit: Object subsystem initialized
LogConfig: Setting CVar [[con.DebugEarlyDefault:1]]
LogConfig: Setting CVar [[r.setres:1280x720]]
[2022.02.22-01.59.39:660][  0]LogConfig: Setting CVar [[r.VSync:0]]
[2022.02.22-01.59.39:660][  0]LogConfig: Setting CVar [[r.RHICmdBypass:0]]
[2022.02.22-01.59.39:660][  0]LogConfig: Applying CVar settings from Section [/Script/Engine.RendererSettings] File [C:/Users/Ludo/source/repos/rubiks-cube-solver/RubiksCubeSolver/Saved/Config/Windows/Engine.ini]
[2022.02.22-01.59.39:660][  0]LogConfig: Setting CVar [[r.GPUCrashDebugging:0]]
[2022.02.22-01.59.39:660][  0]LogConfig: Applying CVar settings from Section [/Script/Engine.RendererOverrideSettings] File [C:/Users/Ludo/source/repos/rubiks-cube-solver/RubiksCubeSolver/Saved/Config/Windows/Engine.ini]
[2022.02.22-01.59.39:660][  0]LogConfig: Applying CVar settings from Section [/Script/Engine.StreamingSettings] File [C:/Users/Ludo/source/repos/rubiks-cube-solver/RubiksCubeSolver/Saved/Config/Windows/Engine.ini]
[2022.02.22-01.59.39:660][  0]LogConfig: Setting CVar [[s.MinBulkDataSizeForAsyncLoading:131072]]
[2022.02.22-01.59.39:660][  0]LogConfig: Setting CVar [[s.AsyncLoadingThreadEnabled:0]]
[2022.02.22-01.59.39:660][  0]LogConfig: Setting CVar [[s.EventDrivenLoaderEnabled:1]]
[2022.02.22-01.59.39:660][  0]LogConfig: Setting CVar [[s.WarnIfTimeLimitExceeded:0]]
[2022.02.22-01.59.39:660][  0]LogConfig: Setting CVar [[s.TimeLimitExceededMultiplier:1.5]]
[2022.02.22-01.59.39:660][  0]LogConfig: Setting CVar [[s.TimeLimitExceededMinTime:0.005]]
[2022.02.22-01.59.39:660][  0]LogConfig: Setting CVar [[s.UseBackgroundLevelStreaming:1]]
[2022.02.22-01.59.39:660][  0]LogConfig: Setting CVar [[s.PriorityAsyncLoadingExtraTime:15.0]]
[2022.02.22-01.59.39:660][  0]LogConfig: Setting CVar [[s.LevelStreamingActorsUpdateTimeLimit:5.0]]
[2022.02.22-01.59.39:660][  0]LogConfig: Setting CVar [[s.PriorityLevelStreamingActorsUpdateExtraTime:5.0]]
[2022.02.22-01.59.39:660][  0]LogConfig: Setting CVar [[s.LevelStreamingComponentsRegistrationGranularity:10]]
[2022.02.22-01.59.39:660][  0]LogConfig: Setting CVar [[s.UnregisterComponentsTimeLimit:1.0]]
[2022.02.22-01.59.39:660][  0]LogConfig: Setting CVar [[s.LevelStreamingComponentsUnregistrationGranularity:5]]
[2022.02.22-01.59.39:660][  0]LogConfig: Setting CVar [[s.FlushStreamingOnExit:1]]
[2022.02.22-01.59.39:660][  0]LogConfig: Applying CVar settings from Section [/Script/Engine.GarbageCollectionSettings] File [C:/Users/Ludo/source/repos/rubiks-cube-solver/RubiksCubeSolver/Saved/Config/Windows/Engine.ini]
[2022.02.22-01.59.39:660][  0]LogConfig: Setting CVar [[gc.MaxObjectsNotConsideredByGC:1]]
[2022.02.22-01.59.39:660][  0]LogConfig: Setting CVar [[gc.SizeOfPermanentObjectPool:0]]
[2022.02.22-01.59.39:660][  0]LogConfig: Setting CVar [[gc.FlushStreamingOnGC:0]]
[2022.02.22-01.59.39:660][  0]LogConfig: Setting CVar [[gc.NumRetriesBeforeForcingGC:10]]
[2022.02.22-01.59.39:660][  0]LogConfig: Setting CVar [[gc.AllowParallelGC:1]]
[2022.02.22-01.59.39:660][  0]LogConfig: Setting CVar [[gc.TimeBetweenPurgingPendingKillObjects:61.1]]
[2022.02.22-01.59.39:660][  0]LogConfig: Setting CVar [[gc.MaxObjectsInEditor:25165824]]
[2022.02.22-01.59.39:660][  0]LogConfig: Setting CVar [[gc.IncrementalBeginDestroyEnabled:1]]
[2022.02.22-01.59.39:660][  0]LogConfig: Setting CVar [[gc.CreateGCClusters:1]]
[2022.02.22-01.59.39:660][  0]LogConfig: Setting CVar [[gc.MinGCClusterSize:5]]
[2022.02.22-01.59.39:660][  0]LogConfig: Setting CVar [[gc.ActorClusteringEnabled:0]]
[2022.02.22-01.59.39:660][  0]LogConfig: Setting CVar [[gc.BlueprintClusteringEnabled:0]]
[2022.02.22-01.59.39:660][  0]LogConfig: Setting CVar [[gc.UseDisregardForGCOnDedicatedServers:0]]
[2022.02.22-01.59.39:660][  0]LogConfig: Setting CVar [[gc.MultithreadedDestructionEnabled:1]]
[2022.02.22-01.59.39:660][  0]LogConfig: Applying CVar settings from Section [/Script/Engine.NetworkSettings] File [C:/Users/Ludo/source/repos/rubiks-cube-solver/RubiksCubeSolver/Saved/Config/Windows/Engine.ini]
[2022.02.22-01.59.39:660][  0]LogConfig: Applying CVar settings from Section [/Script/UnrealEd.CookerSettings] File [C:/Users/Ludo/source/repos/rubiks-cube-solver/RubiksCubeSolver/Saved/Config/Windows/Engine.ini]
[2022.02.22-01.59.39:690][  0]LogConfig: Applying CVar settings from Section [ViewDistanceQuality@3] File [C:/Users/Ludo/source/repos/rubiks-cube-solver/RubiksCubeSolver/Saved/Config/Windows/Scalability.ini]
[2022.02.22-01.59.39:690][  0]LogConfig: Setting CVar [[r.SkeletalMeshLODBias:0]]
[2022.02.22-01.59.39:690][  0]LogConfig: Setting CVar [[r.ViewDistanceScale:1.0]]
[2022.02.22-01.59.39:690][  0]LogConfig: Applying CVar settings from Section [AntiAliasingQuality@3] File [C:/Users/Ludo/source/repos/rubiks-cube-solver/RubiksCubeSolver/Saved/Config/Windows/Scalability.ini]
[2022.02.22-01.59.39:690][  0]LogConfig: Setting CVar [[r.PostProcessAAQuality:4]]
[2022.02.22-01.59.39:690][  0]LogConfig: Applying CVar settings from Section [ShadowQuality@3] File [C:/Users/Ludo/source/repos/rubiks-cube-solver/RubiksCubeSolver/Saved/Config/Windows/Scalability.ini]
[2022.02.22-01.59.39:690][  0]LogConfig: Setting CVar [[r.LightFunctionQuality:1]]
[2022.02.22-01.59.39:690][  0]LogConfig: Setting CVar [[r.ShadowQuality:5]]
[2022.02.22-01.59.39:691][  0]LogConfig: Setting CVar [[r.Shadow.CSM.MaxCascades:10]]
[2022.02.22-01.59.39:691][  0]LogConfig: Setting CVar [[r.Shadow.MaxResolution:2048]]
[2022.02.22-01.59.39:691][  0]LogConfig: Setting CVar [[r.Shadow.MaxCSMResolution:2048]]
[2022.02.22-01.59.39:691][  0]LogConfig: Setting CVar [[r.Shadow.RadiusThreshold:0.01]]
[2022.02.22-01.59.39:691][  0]LogConfig: Setting CVar [[r.Shadow.DistanceScale:1.0]]
[2022.02.22-01.59.39:691][  0]LogConfig: Setting CVar [[r.Shadow.CSM.TransitionScale:1.0]]
[2022.02.22-01.59.39:691][  0]LogConfig: Setting CVar [[r.Shadow.PreShadowResolutionFactor:1.0]]
[2022.02.22-01.59.39:691][  0]LogConfig: Setting CVar [[r.DistanceFieldShadowing:1]]
[2022.02.22-01.59.39:691][  0]LogConfig: Setting CVar [[r.DistanceFieldAO:1]]
[2022.02.22-01.59.39:691][  0]LogConfig: Setting CVar [[r.AOQuality:2]]
[2022.02.22-01.59.39:691][  0]LogConfig: Setting CVar [[r.VolumetricFog:1]]
[2022.02.22-01.59.39:691][  0]LogConfig: Setting CVar [[r.VolumetricFog.GridPixelSize:8]]
[2022.02.22-01.59.39:691][  0]LogConfig: Setting CVar [[r.VolumetricFog.GridSizeZ:128]]
[2022.02.22-01.59.39:691][  0]LogConfig: Setting CVar [[r.VolumetricFog.HistoryMissSupersampleCount:4]]
[2022.02.22-01.59.39:691][  0]LogConfig: Setting CVar [[r.LightMaxDrawDistanceScale:1]]
[2022.02.22-01.59.39:691][  0]LogConfig: Setting CVar [[r.CapsuleShadows:1]]
[2022.02.22-01.59.39:691][  0]LogConfig: Applying CVar settings from Section [PostProcessQuality@3] File [C:/Users/Ludo/source/repos/rubiks-cube-solver/RubiksCubeSolver/Saved/Config/Windows/Scalability.ini]
[2022.02.22-01.59.39:691][  0]LogConfig: Setting CVar [[r.MotionBlurQuality:4]]
[2022.02.22-01.59.39:691][  0]LogConfig: Setting CVar [[r.AmbientOcclusionMipLevelFactor:0.4]]
[2022.02.22-01.59.39:691][  0]LogConfig: Setting CVar [[r.AmbientOcclusionMaxQuality:100]]
[2022.02.22-01.59.39:691][  0]LogConfig: Setting CVar [[r.AmbientOcclusionLevels:-1]]
[2022.02.22-01.59.39:691][  0]LogConfig: Setting CVar [[r.AmbientOcclusionRadiusScale:1.0]]
[2022.02.22-01.59.39:691][  0]LogConfig: Setting CVar [[r.DepthOfFieldQuality:2]]
[2022.02.22-01.59.39:691][  0]LogConfig: Setting CVar [[r.RenderTargetPoolMin:400]]
[2022.02.22-01.59.39:691][  0]LogConfig: Setting CVar [[r.LensFlareQuality:2]]
[2022.02.22-01.59.39:691][  0]LogConfig: Setting CVar [[r.SceneColorFringeQuality:1]]
[2022.02.22-01.59.39:691][  0]LogConfig: Setting CVar [[r.EyeAdaptationQuality:2]]
[2022.02.22-01.59.39:691][  0]LogConfig: Setting CVar [[r.BloomQuality:5]]
[2022.02.22-01.59.39:691][  0]LogConfig: Setting CVar [[r.FastBlurThreshold:100]]
[2022.02.22-01.59.39:691][  0]LogConfig: Setting CVar [[r.Upscale.Quality:3]]
[2022.02.22-01.59.39:691][  0]LogConfig: Setting CVar [[r.Tonemapper.GrainQuantization:1]]
[2022.02.22-01.59.39:691][  0]LogConfig: Setting CVar [[r.LightShaftQuality:1]]
[2022.02.22-01.59.39:691][  0]LogConfig: Setting CVar [[r.Filter.SizeScale:1]]
[2022.02.22-01.59.39:691][  0]LogConfig: Setting CVar [[r.Tonemapper.Quality:5]]
[2022.02.22-01.59.39:691][  0]LogConfig: Setting CVar [[r.DOF.Gather.AccumulatorQuality:1        ; higher gathering accumulator quality]]
[2022.02.22-01.59.39:691][  0]LogConfig: Setting CVar [[r.DOF.Gather.PostfilterMethod:1          ; Median3x3 postfilering method]]
[2022.02.22-01.59.39:691][  0]LogConfig: Setting CVar [[r.DOF.Gather.EnableBokehSettings:0       ; no bokeh simulation when gathering]]
[2022.02.22-01.59.39:691][  0]LogConfig: Setting CVar [[r.DOF.Gather.RingCount:4                 ; medium number of samples when gathering]]
[2022.02.22-01.59.39:691][  0]LogConfig: Setting CVar [[r.DOF.Scatter.ForegroundCompositing:1    ; additive foreground scattering]]
[2022.02.22-01.59.39:691][  0]LogConfig: Setting CVar [[r.DOF.Scatter.BackgroundCompositing:2    ; additive background scattering]]
[2022.02.22-01.59.39:691][  0]LogConfig: Setting CVar [[r.DOF.Scatter.EnableBokehSettings:1      ; bokeh simulation when scattering]]
[2022.02.22-01.59.39:691][  0]LogConfig: Setting CVar [[r.DOF.Scatter.MaxSpriteRatio:0.1         ; only a maximum of 10% of scattered bokeh]]
[2022.02.22-01.59.39:691][  0]LogConfig: Setting CVar [[r.DOF.Recombine.Quality:1                ; cheap slight out of focus]]
[2022.02.22-01.59.39:691][  0]LogConfig: Setting CVar [[r.DOF.Recombine.EnableBokehSettings:0    ; no bokeh simulation on slight out of focus]]
[2022.02.22-01.59.39:691][  0]LogConfig: Setting CVar [[r.DOF.TemporalAAQuality:1                ; more stable temporal accumulation]]
[2022.02.22-01.59.39:691][  0]LogConfig: Setting CVar [[r.DOF.Kernel.MaxForegroundRadius:0.025]]
[2022.02.22-01.59.39:691][  0]LogConfig: Setting CVar [[r.DOF.Kernel.MaxBackgroundRadius:0.025]]
[2022.02.22-01.59.39:691][  0]LogConfig: Applying CVar settings from Section [TextureQuality@3] File [C:/Users/Ludo/source/repos/rubiks-cube-solver/RubiksCubeSolver/Saved/Config/Windows/Scalability.ini]
[2022.02.22-01.59.39:691][  0]LogConfig: Setting CVar [[r.Streaming.MipBias:0]]
[2022.02.22-01.59.39:691][  0]LogConfig: Setting CVar [[r.Streaming.AmortizeCPUToGPUCopy:0]]
[2022.02.22-01.59.39:691][  0]LogConfig: Setting CVar [[r.Streaming.MaxNumTexturesToStreamPerFrame:0]]
[2022.02.22-01.59.39:691][  0]LogConfig: Setting CVar [[r.Streaming.Boost:1]]
[2022.02.22-01.59.39:691][  0]LogConfig: Setting CVar [[r.MaxAnisotropy:8]]
[2022.02.22-01.59.39:691][  0]LogConfig: Setting CVar [[r.VT.MaxAnisotropy:8]]
[2022.02.22-01.59.39:691][  0]LogConfig: Setting CVar [[r.Streaming.LimitPoolSizeToVRAM:0]]
[2022.02.22-01.59.39:691][  0]LogConfig: Setting CVar [[r.Streaming.PoolSize:1000]]
[2022.02.22-01.59.39:691][  0]LogConfig: Setting CVar [[r.Streaming.MaxEffectiveScreenSize:0]]
[2022.02.22-01.59.39:691][  0]LogConfig: Applying CVar settings from Section [EffectsQuality@3] File [C:/Users/Ludo/source/repos/rubiks-cube-solver/RubiksCubeSolver/Saved/Config/Windows/Scalability.ini]
[2022.02.22-01.59.39:691][  0]LogConfig: Setting CVar [[r.TranslucencyLightingVolumeDim:64]]
[2022.02.22-01.59.39:691][  0]LogConfig: Setting CVar [[r.RefractionQuality:2]]
[2022.02.22-01.59.39:691][  0]LogConfig: Setting CVar [[r.SSR.Quality:3]]
[2022.02.22-01.59.39:691][  0]LogConfig: Setting CVar [[r.SSR.HalfResSceneColor:0]]
[2022.02.22-01.59.39:691][  0]LogConfig: Setting CVar [[r.SceneColorFormat:4]]
[2022.02.22-01.59.39:691][  0]LogConfig: Setting CVar [[r.DetailMode:2]]
[2022.02.22-01.59.39:691][  0]LogConfig: Setting CVar [[r.TranslucencyVolumeBlur:1]]
[2022.02.22-01.59.39:691][  0]LogConfig: Setting CVar [[r.MaterialQualityLevel:1 ; High quality]]
[2022.02.22-01.59.39:691][  0]LogConfig: Setting CVar [[r.AnisotropicMaterials:1]]
[2022.02.22-01.59.39:691][  0]LogConfig: Setting CVar [[r.SSS.Scale:1]]
[2022.02.22-01.59.39:691][  0]LogConfig: Setting CVar [[r.SSS.SampleSet:2]]
[2022.02.22-01.59.39:691][  0]LogConfig: Setting CVar [[r.SSS.Quality:1]]
[2022.02.22-01.59.39:691][  0]LogConfig: Setting CVar [[r.SSS.HalfRes:0]]
[2022.02.22-01.59.39:691][  0]LogConfig: Setting CVar [[r.SSGI.Quality:3]]
[2022.02.22-01.59.39:691][  0]LogConfig: Setting CVar [[r.EmitterSpawnRateScale:1.0]]
[2022.02.22-01.59.39:691][  0]LogConfig: Setting CVar [[r.ParticleLightQuality:2]]
[2022.02.22-01.59.39:691][  0]LogConfig: Setting CVar [[r.SkyAtmosphere.AerialPerspectiveLUT.FastApplyOnOpaque:1 ; Always have FastSkyLUT 1 in this case to avoid wrong sky]]
[2022.02.22-01.59.39:691][  0]LogConfig: Setting CVar [[r.SkyAtmosphere.AerialPerspectiveLUT.SampleCountMaxPerSlice:4]]
[2022.02.22-01.59.39:691][  0]LogConfig: Setting CVar [[r.SkyAtmosphere.AerialPerspectiveLUT.DepthResolution:16.0]]
[2022.02.22-01.59.39:691][  0]LogConfig: Setting CVar [[r.SkyAtmosphere.FastSkyLUT:1]]
[2022.02.22-01.59.39:691][  0]LogConfig: Setting CVar [[r.SkyAtmosphere.FastSkyLUT.SampleCountMin:4.0]]
[2022.02.22-01.59.39:691][  0]LogConfig: Setting CVar [[r.SkyAtmosphere.FastSkyLUT.SampleCountMax:128.0]]
[2022.02.22-01.59.39:691][  0]LogConfig: Setting CVar [[r.SkyAtmosphere.SampleCountMin:4.0]]
[2022.02.22-01.59.39:691][  0]LogConfig: Setting CVar [[r.SkyAtmosphere.SampleCountMax:128.0]]
[2022.02.22-01.59.39:691][  0]LogConfig: Setting CVar [[r.SkyAtmosphere.TransmittanceLUT.UseSmallFormat:0]]
[2022.02.22-01.59.39:691][  0]LogConfig: Setting CVar [[r.SkyAtmosphere.TransmittanceLUT.SampleCount:10.0]]
[2022.02.22-01.59.39:691][  0]LogConfig: Setting CVar [[r.SkyAtmosphere.MultiScatteringLUT.SampleCount:15.0]]
[2022.02.22-01.59.39:691][  0]LogConfig: Setting CVar [[r.SkyLight.RealTimeReflectionCapture:1]]
[2022.02.22-01.59.39:691][  0]LogConfig: Applying CVar settings from Section [FoliageQuality@3] File [C:/Users/Ludo/source/repos/rubiks-cube-solver/RubiksCubeSolver/Saved/Config/Windows/Scalability.ini]
[2022.02.22-01.59.39:691][  0]LogConfig: Setting CVar [[foliage.DensityScale:1.0]]
[2022.02.22-01.59.39:692][  0]LogConfig: Setting CVar [[grass.DensityScale:1.0]]
[2022.02.22-01.59.39:692][  0]LogConfig: Applying CVar settings from Section [ShadingQuality@3] File [C:/Users/Ludo/source/repos/rubiks-cube-solver/RubiksCubeSolver/Saved/Config/Windows/Scalability.ini]
[2022.02.22-01.59.39:692][  0]LogConfig: Setting CVar [[r.HairStrands.SkyLighting.IntegrationType:2]]
[2022.02.22-01.59.39:692][  0]LogConfig: Setting CVar [[r.HairStrands.SkyAO.SampleCount:4]]
[2022.02.22-01.59.39:692][  0]LogConfig: Setting CVar [[r.HairStrands.Visibility.MSAA.SamplePerPixel:4]]
[2022.02.22-01.59.39:692][  0]LogInit: Selected Device Profile: [Windows]
[2022.02.22-01.59.39:692][  0]LogInit: Applying CVar settings loaded from the selected device profile: [Windows]
[2022.02.22-01.59.39:692][  0]LogHAL: Display: Platform has ~ 16 GB [17016152064 / 17179869184 / 16], which maps to Larger [LargestMinGB=32, LargerMinGB=12, DefaultMinGB=8, SmallerMinGB=6, SmallestMinGB=0)
[2022.02.22-01.59.39:692][  0]LogInit: Going up to parent DeviceProfile []
[2022.02.22-01.59.39:692][  0]LogConfig: Applying CVar settings from Section [ViewDistanceQuality@3] File [C:/Users/Ludo/source/repos/rubiks-cube-solver/RubiksCubeSolver/Saved/Config/Windows/Scalability.ini]
[2022.02.22-01.59.39:692][  0]LogConfig: Setting CVar [[r.SkeletalMeshLODBias:0]]
[2022.02.22-01.59.39:692][  0]LogConfig: Setting CVar [[r.ViewDistanceScale:1.0]]
[2022.02.22-01.59.39:692][  0]LogConfig: Applying CVar settings from Section [AntiAliasingQuality@3] File [C:/Users/Ludo/source/repos/rubiks-cube-solver/RubiksCubeSolver/Saved/Config/Windows/Scalability.ini]
[2022.02.22-01.59.39:692][  0]LogConfig: Setting CVar [[r.PostProcessAAQuality:4]]
[2022.02.22-01.59.39:692][  0]LogConfig: Applying CVar settings from Section [ShadowQuality@3] File [C:/Users/Ludo/source/repos/rubiks-cube-solver/RubiksCubeSolver/Saved/Config/Windows/Scalability.ini]
[2022.02.22-01.59.39:692][  0]LogConfig: Setting CVar [[r.LightFunctionQuality:1]]
[2022.02.22-01.59.39:692][  0]LogConfig: Setting CVar [[r.ShadowQuality:5]]
[2022.02.22-01.59.39:692][  0]LogConfig: Setting CVar [[r.Shadow.CSM.MaxCascades:10]]
[2022.02.22-01.59.39:692][  0]LogConfig: Setting CVar [[r.Shadow.MaxResolution:2048]]
[2022.02.22-01.59.39:692][  0]LogConfig: Setting CVar [[r.Shadow.MaxCSMResolution:2048]]
[2022.02.22-01.59.39:692][  0]LogConfig: Setting CVar [[r.Shadow.RadiusThreshold:0.01]]
[2022.02.22-01.59.39:692][  0]LogConfig: Setting CVar [[r.Shadow.DistanceScale:1.0]]
[2022.02.22-01.59.39:692][  0]LogConfig: Setting CVar [[r.Shadow.CSM.TransitionScale:1.0]]
[2022.02.22-01.59.39:692][  0]LogConfig: Setting CVar [[r.Shadow.PreShadowResolutionFactor:1.0]]
[2022.02.22-01.59.39:692][  0]LogConfig: Setting CVar [[r.DistanceFieldShadowing:1]]
[2022.02.22-01.59.39:692][  0]LogConfig: Setting CVar [[r.DistanceFieldAO:1]]
[2022.02.22-01.59.39:692][  0]LogConfig: Setting CVar [[r.AOQuality:2]]
[2022.02.22-01.59.39:692][  0]LogConfig: Setting CVar [[r.VolumetricFog:1]]
[2022.02.22-01.59.39:692][  0]LogConfig: Setting CVar [[r.VolumetricFog.GridPixelSize:8]]
[2022.02.22-01.59.39:692][  0]LogConfig: Setting CVar [[r.VolumetricFog.GridSizeZ:128]]
[2022.02.22-01.59.39:692][  0]LogConfig: Setting CVar [[r.VolumetricFog.HistoryMissSupersampleCount:4]]
[2022.02.22-01.59.39:692][  0]LogConfig: Setting CVar [[r.LightMaxDrawDistanceScale:1]]
[2022.02.22-01.59.39:692][  0]LogConfig: Setting CVar [[r.CapsuleShadows:1]]
[2022.02.22-01.59.39:692][  0]LogConfig: Applying CVar settings from Section [PostProcessQuality@3] File [C:/Users/Ludo/source/repos/rubiks-cube-solver/RubiksCubeSolver/Saved/Config/Windows/Scalability.ini]
[2022.02.22-01.59.39:692][  0]LogConfig: Setting CVar [[r.MotionBlurQuality:4]]
[2022.02.22-01.59.39:692][  0]LogConfig: Setting CVar [[r.AmbientOcclusionMipLevelFactor:0.4]]
[2022.02.22-01.59.39:692][  0]LogConfig: Setting CVar [[r.AmbientOcclusionMaxQuality:100]]
[2022.02.22-01.59.39:692][  0]LogConfig: Setting CVar [[r.AmbientOcclusionLevels:-1]]
[2022.02.22-01.59.39:692][  0]LogConfig: Setting CVar [[r.AmbientOcclusionRadiusScale:1.0]]
[2022.02.22-01.59.39:692][  0]LogConfig: Setting CVar [[r.DepthOfFieldQuality:2]]
[2022.02.22-01.59.39:692][  0]LogConfig: Setting CVar [[r.RenderTargetPoolMin:400]]
[2022.02.22-01.59.39:692][  0]LogConfig: Setting CVar [[r.LensFlareQuality:2]]
[2022.02.22-01.59.39:692][  0]LogConfig: Setting CVar [[r.SceneColorFringeQuality:1]]
[2022.02.22-01.59.39:692][  0]LogConfig: Setting CVar [[r.EyeAdaptationQuality:2]]
[2022.02.22-01.59.39:692][  0]LogConfig: Setting CVar [[r.BloomQuality:5]]
[2022.02.22-01.59.39:692][  0]LogConfig: Setting CVar [[r.FastBlurThreshold:100]]
[2022.02.22-01.59.39:692][  0]LogConfig: Setting CVar [[r.Upscale.Quality:3]]
[2022.02.22-01.59.39:692][  0]LogConfig: Setting CVar [[r.Tonemapper.GrainQuantization:1]]
[2022.02.22-01.59.39:692][  0]LogConfig: Setting CVar [[r.LightShaftQuality:1]]
[2022.02.22-01.59.39:692][  0]LogConfig: Setting CVar [[r.Filter.SizeScale:1]]
[2022.02.22-01.59.39:692][  0]LogConfig: Setting CVar [[r.Tonemapper.Quality:5]]
[2022.02.22-01.59.39:692][  0]LogConfig: Setting CVar [[r.DOF.Gather.AccumulatorQuality:1        ; higher gathering accumulator quality]]
[2022.02.22-01.59.39:692][  0]LogConfig: Setting CVar [[r.DOF.Gather.PostfilterMethod:1          ; Median3x3 postfilering method]]
[2022.02.22-01.59.39:692][  0]LogConfig: Setting CVar [[r.DOF.Gather.EnableBokehSettings:0       ; no bokeh simulation when gathering]]
[2022.02.22-01.59.39:692][  0]LogConfig: Setting CVar [[r.DOF.Gather.RingCount:4                 ; medium number of samples when gathering]]
[2022.02.22-01.59.39:692][  0]LogConfig: Setting CVar [[r.DOF.Scatter.ForegroundCompositing:1    ; additive foreground scattering]]
[2022.02.22-01.59.39:692][  0]LogConfig: Setting CVar [[r.DOF.Scatter.BackgroundCompositing:2    ; additive background scattering]]
[2022.02.22-01.59.39:692][  0]LogConfig: Setting CVar [[r.DOF.Scatter.EnableBokehSettings:1      ; bokeh simulation when scattering]]
[2022.02.22-01.59.39:692][  0]LogConfig: Setting CVar [[r.DOF.Scatter.MaxSpriteRatio:0.1         ; only a maximum of 10% of scattered bokeh]]
[2022.02.22-01.59.39:692][  0]LogConfig: Setting CVar [[r.DOF.Recombine.Quality:1                ; cheap slight out of focus]]
[2022.02.22-01.59.39:692][  0]LogConfig: Setting CVar [[r.DOF.Recombine.EnableBokehSettings:0    ; no bokeh simulation on slight out of focus]]
[2022.02.22-01.59.39:692][  0]LogConfig: Setting CVar [[r.DOF.TemporalAAQuality:1                ; more stable temporal accumulation]]
[2022.02.22-01.59.39:692][  0]LogConfig: Setting CVar [[r.DOF.Kernel.MaxForegroundRadius:0.025]]
[2022.02.22-01.59.39:692][  0]LogConfig: Setting CVar [[r.DOF.Kernel.MaxBackgroundRadius:0.025]]
[2022.02.22-01.59.39:692][  0]LogConfig: Applying CVar settings from Section [TextureQuality@3] File [C:/Users/Ludo/source/repos/rubiks-cube-solver/RubiksCubeSolver/Saved/Config/Windows/Scalability.ini]
[2022.02.22-01.59.39:692][  0]LogConfig: Setting CVar [[r.Streaming.MipBias:0]]
[2022.02.22-01.59.39:692][  0]LogConfig: Setting CVar [[r.Streaming.AmortizeCPUToGPUCopy:0]]
[2022.02.22-01.59.39:692][  0]LogConfig: Setting CVar [[r.Streaming.MaxNumTexturesToStreamPerFrame:0]]
[2022.02.22-01.59.39:692][  0]LogConfig: Setting CVar [[r.Streaming.Boost:1]]
[2022.02.22-01.59.39:692][  0]LogConfig: Setting CVar [[r.MaxAnisotropy:8]]
[2022.02.22-01.59.39:692][  0]LogConfig: Setting CVar [[r.VT.MaxAnisotropy:8]]
[2022.02.22-01.59.39:692][  0]LogConfig: Setting CVar [[r.Streaming.LimitPoolSizeToVRAM:0]]
[2022.02.22-01.59.39:692][  0]LogConfig: Setting CVar [[r.Streaming.PoolSize:1000]]
[2022.02.22-01.59.39:692][  0]LogConfig: Setting CVar [[r.Streaming.MaxEffectiveScreenSize:0]]
[2022.02.22-01.59.39:692][  0]LogConfig: Applying CVar settings from Section [EffectsQuality@3] File [C:/Users/Ludo/source/repos/rubiks-cube-solver/RubiksCubeSolver/Saved/Config/Windows/Scalability.ini]
[2022.02.22-01.59.39:692][  0]LogConfig: Setting CVar [[r.TranslucencyLightingVolumeDim:64]]
[2022.02.22-01.59.39:692][  0]LogConfig: Setting CVar [[r.RefractionQuality:2]]
[2022.02.22-01.59.39:692][  0]LogConfig: Setting CVar [[r.SSR.Quality:3]]
[2022.02.22-01.59.39:692][  0]LogConfig: Setting CVar [[r.SSR.HalfResSceneColor:0]]
[2022.02.22-01.59.39:692][  0]LogConfig: Setting CVar [[r.SceneColorFormat:4]]
[2022.02.22-01.59.39:693][  0]LogConfig: Setting CVar [[r.DetailMode:2]]
[2022.02.22-01.59.39:693][  0]LogConfig: Setting CVar [[r.TranslucencyVolumeBlur:1]]
[2022.02.22-01.59.39:693][  0]LogConfig: Setting CVar [[r.MaterialQualityLevel:1 ; High quality]]
[2022.02.22-01.59.39:693][  0]LogConfig: Setting CVar [[r.AnisotropicMaterials:1]]
[2022.02.22-01.59.39:693][  0]LogConfig: Setting CVar [[r.SSS.Scale:1]]
[2022.02.22-01.59.39:693][  0]LogConfig: Setting CVar [[r.SSS.SampleSet:2]]
[2022.02.22-01.59.39:693][  0]LogConfig: Setting CVar [[r.SSS.Quality:1]]
[2022.02.22-01.59.39:693][  0]LogConfig: Setting CVar [[r.SSS.HalfRes:0]]
[2022.02.22-01.59.39:693][  0]LogConfig: Setting CVar [[r.SSGI.Quality:3]]
[2022.02.22-01.59.39:693][  0]LogConfig: Setting CVar [[r.EmitterSpawnRateScale:1.0]]
[2022.02.22-01.59.39:693][  0]LogConfig: Setting CVar [[r.ParticleLightQuality:2]]
[2022.02.22-01.59.39:693][  0]LogConfig: Setting CVar [[r.SkyAtmosphere.AerialPerspectiveLUT.FastApplyOnOpaque:1 ; Always have FastSkyLUT 1 in this case to avoid wrong sky]]
[2022.02.22-01.59.39:693][  0]LogConfig: Setting CVar [[r.SkyAtmosphere.AerialPerspectiveLUT.SampleCountMaxPerSlice:4]]
[2022.02.22-01.59.39:693][  0]LogConfig: Setting CVar [[r.SkyAtmosphere.AerialPerspectiveLUT.DepthResolution:16.0]]
[2022.02.22-01.59.39:693][  0]LogConfig: Setting CVar [[r.SkyAtmosphere.FastSkyLUT:1]]
[2022.02.22-01.59.39:693][  0]LogConfig: Setting CVar [[r.SkyAtmosphere.FastSkyLUT.SampleCountMin:4.0]]
[2022.02.22-01.59.39:693][  0]LogConfig: Setting CVar [[r.SkyAtmosphere.FastSkyLUT.SampleCountMax:128.0]]
[2022.02.22-01.59.39:693][  0]LogConfig: Setting CVar [[r.SkyAtmosphere.SampleCountMin:4.0]]
[2022.02.22-01.59.39:693][  0]LogConfig: Setting CVar [[r.SkyAtmosphere.SampleCountMax:128.0]]
[2022.02.22-01.59.39:693][  0]LogConfig: Setting CVar [[r.SkyAtmosphere.TransmittanceLUT.UseSmallFormat:0]]
[2022.02.22-01.59.39:693][  0]LogConfig: Setting CVar [[r.SkyAtmosphere.TransmittanceLUT.SampleCount:10.0]]
[2022.02.22-01.59.39:693][  0]LogConfig: Setting CVar [[r.SkyAtmosphere.MultiScatteringLUT.SampleCount:15.0]]
[2022.02.22-01.59.39:693][  0]LogConfig: Setting CVar [[r.SkyLight.RealTimeReflectionCapture:1]]
[2022.02.22-01.59.39:693][  0]LogConfig: Applying CVar settings from Section [FoliageQuality@3] File [C:/Users/Ludo/source/repos/rubiks-cube-solver/RubiksCubeSolver/Saved/Config/Windows/Scalability.ini]
[2022.02.22-01.59.39:693][  0]LogConfig: Setting CVar [[foliage.DensityScale:1.0]]
[2022.02.22-01.59.39:693][  0]LogConfig: Setting CVar [[grass.DensityScale:1.0]]
[2022.02.22-01.59.39:693][  0]LogConfig: Applying CVar settings from Section [ShadingQuality@3] File [C:/Users/Ludo/source/repos/rubiks-cube-solver/RubiksCubeSolver/Saved/Config/Windows/Scalability.ini]
[2022.02.22-01.59.39:693][  0]LogConfig: Setting CVar [[r.HairStrands.SkyLighting.IntegrationType:2]]
[2022.02.22-01.59.39:693][  0]LogConfig: Setting CVar [[r.HairStrands.SkyAO.SampleCount:4]]
[2022.02.22-01.59.39:693][  0]LogConfig: Setting CVar [[r.HairStrands.Visibility.MSAA.SamplePerPixel:4]]
[2022.02.22-01.59.39:693][  0]LogConfig: Applying CVar settings from Section [Startup] File [../../../Engine/Config/ConsoleVariables.ini]
[2022.02.22-01.59.39:693][  0]LogConfig: Setting CVar [[net.UseAdaptiveNetUpdateFrequency:0]]
[2022.02.22-01.59.39:693][  0]LogConfig: Setting CVar [[p.chaos.AllowCreatePhysxBodies:1]]
[2022.02.22-01.59.39:693][  0]LogConfig: Setting CVar [[fx.SkipVectorVMBackendOptimizations:1]]
[2022.02.22-01.59.39:693][  0]LogConfig: Applying CVar settings from Section [ConsoleVariables] File [C:/Users/Ludo/source/repos/rubiks-cube-solver/RubiksCubeSolver/Saved/Config/Windows/Engine.ini]
[2022.02.22-01.59.39:693][  0]LogConfig: Applying CVar settings from Section [ConsoleVariables] File [C:/Users/Ludo/source/repos/rubiks-cube-solver/RubiksCubeSolver/Saved/Config/Windows/Editor.ini]
[2022.02.22-01.59.39:693][  0]LogInit: Computer: LUDO-PC
[2022.02.22-01.59.39:693][  0]LogInit: User: Ludo
[2022.02.22-01.59.39:693][  0]LogInit: CPU Page size=4096, Cores=4
[2022.02.22-01.59.39:693][  0]LogInit: High frequency timer resolution =10.000000 MHz
[2022.02.22-01.59.39:693][  0]LogMemory: Memory total: Physical=15.8GB (16GB approx)
[2022.02.22-01.59.39:693][  0]LogMemory: Platform Memory Stats for Windows
[2022.02.22-01.59.39:693][  0]LogMemory: Process Physical Memory: 142.71 MB used, 142.71 MB peak
[2022.02.22-01.59.39:693][  0]LogMemory: Process Virtual Memory: 122.92 MB used, 122.92 MB peak
[2022.02.22-01.59.39:693][  0]LogMemory: Physical Memory: 7478.37 MB used,  8749.50 MB free, 16227.87 MB total
[2022.02.22-01.59.39:693][  0]LogMemory: Virtual Memory: 134194648.00 MB used,  23076.89 MB free, 134217728.00 MB total
[2022.02.22-01.59.39:699][  0]LogWindows: WindowsPlatformFeatures enabled
[2022.02.22-01.59.39:766][  0]LogInit: Physics initialised using underlying interface: PhysX
[2022.02.22-01.59.39:767][  0]LogInit: Using OS detected language (en-US).
[2022.02.22-01.59.39:767][  0]LogInit: Using OS detected locale (en-US).
[2022.02.22-01.59.39:778][  0]LogTextLocalizationManager: No specific localization for 'en-US' exists, so the 'en' localization will be used.
[2022.02.22-01.59.40:112][  0]LogInit: Setting process to per monitor DPI aware
[2022.02.22-01.59.40:127][  0]LogWindowsTextInputMethodSystem: Display: IME system deactivated.
[2022.02.22-01.59.40:166][  0]LogSlate: New Slate User Created.  User Index 0, Is Virtual User: 0
[2022.02.22-01.59.40:166][  0]LogSlate: Slate User Registered.  User Index 0, Is Virtual User: 0
[2022.02.22-01.59.40:399][  0]LogD3D11RHI: Loaded GFSDK_Aftermath_Lib.x64.dll
[2022.02.22-01.59.40:404][  0]LogHMD: Failed to initialize OpenVR with code 100
[2022.02.22-01.59.40:404][  0]LogD3D11RHI: D3D11 min allowed feature level: 11_0
[2022.02.22-01.59.40:404][  0]LogD3D11RHI: D3D11 max allowed feature level: 11_0
[2022.02.22-01.59.40:404][  0]LogD3D11RHI: D3D11 adapters:
[2022.02.22-01.59.40:522][  0]LogD3D11RHI:    0. 'NVIDIA GeForce GTX 960' (Feature Level 11_0)
[2022.02.22-01.59.40:522][  0]LogD3D11RHI:       2007/0/8113 MB DedicatedVideo/DedicatedSystem/SharedSystem, Outputs:2, VendorId:0x10de
[2022.02.22-01.59.40:531][  0]LogD3D11RHI:    1. 'Intel(R) HD Graphics 4600' (Feature Level 11_0)
[2022.02.22-01.59.40:531][  0]LogD3D11RHI:       112/0/2048 MB DedicatedVideo/DedicatedSystem/SharedSystem, Outputs:0, VendorId:0x8086
[2022.02.22-01.59.40:534][  0]LogD3D11RHI:    2. 'Microsoft Basic Render Driver' (Feature Level 11_0)
[2022.02.22-01.59.40:534][  0]LogD3D11RHI:       0/0/8113 MB DedicatedVideo/DedicatedSystem/SharedSystem, Outputs:0, VendorId:0x1414
[2022.02.22-01.59.40:534][  0]LogD3D11RHI: Chosen D3D11 Adapter:
[2022.02.22-01.59.40:534][  0]LogD3D11RHI:     Description : NVIDIA GeForce GTX 960
[2022.02.22-01.59.40:534][  0]LogD3D11RHI:     VendorId    : 10de
[2022.02.22-01.59.40:534][  0]LogD3D11RHI:     DeviceId    : 1401
[2022.02.22-01.59.40:534][  0]LogD3D11RHI:     SubSysId    : 29663842
[2022.02.22-01.59.40:534][  0]LogD3D11RHI:     Revision    : 00a1
[2022.02.22-01.59.40:534][  0]LogD3D11RHI:     DedicatedVideoMemory : 2105212928 bytes
[2022.02.22-01.59.40:534][  0]LogD3D11RHI:     DedicatedSystemMemory : 0 bytes
[2022.02.22-01.59.40:534][  0]LogD3D11RHI:     SharedSystemMemory : 8508076032 bytes
[2022.02.22-01.59.40:534][  0]LogD3D11RHI:     AdapterLuid : 0 56072
[2022.02.22-01.59.40:539][  0]LogD3D11RHI: Creating new Direct3DDevice
[2022.02.22-01.59.40:539][  0]LogD3D11RHI:     GPU DeviceId: 0x1401 (for the marketing name, search the web for "GPU Device Id")
[2022.02.22-01.59.40:539][  0]LogWindows: EnumDisplayDevices:
[2022.02.22-01.59.40:540][  0]LogWindows:    0. 'NVIDIA GeForce GTX 960' (P:0 D:1)
[2022.02.22-01.59.40:540][  0]LogWindows:    1. 'NVIDIA GeForce GTX 960' (P:1 D:1)
[2022.02.22-01.59.40:541][  0]LogWindows:    2. 'NVIDIA GeForce GTX 960' (P:0 D:0)
[2022.02.22-01.59.40:541][  0]LogWindows:    3. 'NVIDIA GeForce GTX 960' (P:0 D:0)
[2022.02.22-01.59.40:542][  0]LogWindows:    4. 'Intel(R) HD Graphics 4600' (P:0 D:0)
[2022.02.22-01.59.40:542][  0]LogWindows:    5. 'Intel(R) HD Graphics 4600' (P:0 D:0)
[2022.02.22-01.59.40:543][  0]LogWindows:    6. 'Intel(R) HD Graphics 4600' (P:0 D:0)
[2022.02.22-01.59.40:543][  0]LogWindows: DebugString: PrimaryIsNotTheChoosenAdapter PrimaryIsNotTheChoosenAdapter PrimaryIsNotTheChoosenAdapter FoundDriverCount:4 
[2022.02.22-01.59.40:543][  0]LogD3D11RHI:     Adapter Name: NVIDIA GeForce GTX 960
[2022.02.22-01.59.40:543][  0]LogD3D11RHI:   Driver Version: 511.79 (internal:30.0.15.1179, unified:511.79)
[2022.02.22-01.59.40:543][  0]LogD3D11RHI:      Driver Date: 2-10-2022
[2022.02.22-01.59.40:543][  0]LogRHI: Texture pool is 1405 MB (70% of 2007 MB)
[2022.02.22-01.59.40:543][  0]LogD3D11RHI: Creating D3DDevice using adapter:
[2022.02.22-01.59.40:543][  0]LogD3D11RHI:     Description : NVIDIA GeForce GTX 960
[2022.02.22-01.59.40:543][  0]LogD3D11RHI:     VendorId    : 10de
[2022.02.22-01.59.40:543][  0]LogD3D11RHI:     DeviceId    : 1401
[2022.02.22-01.59.40:543][  0]LogD3D11RHI:     SubSysId    : 29663842
[2022.02.22-01.59.40:543][  0]LogD3D11RHI:     Revision    : 00a1
[2022.02.22-01.59.40:543][  0]LogD3D11RHI:     DedicatedVideoMemory : 2105212928 bytes
[2022.02.22-01.59.40:543][  0]LogD3D11RHI:     DedicatedSystemMemory : 0 bytes
[2022.02.22-01.59.40:543][  0]LogD3D11RHI:     SharedSystemMemory : 8508076032 bytes
[2022.02.22-01.59.40:543][  0]LogD3D11RHI:     AdapterLuid : 0 56072
[2022.02.22-01.59.40:606][  0]LogD3D11RHI: RHI has support for 64 bit atomics
[2022.02.22-01.59.40:606][  0]LogD3D11RHI: Async texture creation enabled
[2022.02.22-01.59.40:606][  0]LogD3D11RHI: Array index from any shader is supported
[2022.02.22-01.59.40:636][  0]LogD3D11RHI: GPU Timing Frequency: 1000.000000 (Debug: 2 1)
[2022.02.22-01.59.40:717][  0]LogRHI: GeForceNow SDK initialized: 1
[2022.02.22-01.59.41:111][  0]LogTargetPlatformManager: Display: Loaded TargetPlatform 'AllDesktop'
[2022.02.22-01.59.41:135][  0]LogTargetPlatformManager: Display: Loaded TargetPlatform 'Android'
[2022.02.22-01.59.41:135][  0]LogTargetPlatformManager: Display: Loaded TargetPlatform 'Android_ASTC'
[2022.02.22-01.59.41:135][  0]LogTargetPlatformManager: Display: Loaded TargetPlatform 'Android_DXT'
[2022.02.22-01.59.41:135][  0]LogTargetPlatformManager: Display: Loaded TargetPlatform 'Android_ETC2'
[2022.02.22-01.59.41:135][  0]LogTargetPlatformManager: Display: Loaded TargetPlatform 'AndroidClient'
[2022.02.22-01.59.41:135][  0]LogTargetPlatformManager: Display: Loaded TargetPlatform 'Android_ASTCClient'
[2022.02.22-01.59.41:135][  0]LogTargetPlatformManager: Display: Loaded TargetPlatform 'Android_DXTClient'
[2022.02.22-01.59.41:135][  0]LogTargetPlatformManager: Display: Loaded TargetPlatform 'Android_ETC2Client'
[2022.02.22-01.59.41:135][  0]LogTargetPlatformManager: Display: Loaded TargetPlatform 'Android_Multi'
[2022.02.22-01.59.41:135][  0]LogTargetPlatformManager: Display: Loaded TargetPlatform 'Android_MultiClient'
[2022.02.22-01.59.41:155][  0]LogTargetPlatformManager: Display: Loaded TargetPlatform 'IOSClient'
[2022.02.22-01.59.41:155][  0]LogTargetPlatformManager: Display: Loaded TargetPlatform 'IOS'
[2022.02.22-01.59.41:167][  0]LogTargetPlatformManager: Display: Loaded TargetPlatform 'Linux'
[2022.02.22-01.59.41:171][  0]LogTargetPlatformManager: Display: Loaded TargetPlatform 'LinuxNoEditor'
[2022.02.22-01.59.41:176][  0]LogTargetPlatformManager: Display: Loaded TargetPlatform 'LinuxClient'
[2022.02.22-01.59.41:181][  0]LogTargetPlatformManager: Display: Loaded TargetPlatform 'LinuxServer'
[2022.02.22-01.59.41:192][  0]LogTargetPlatformManager: Display: Loaded TargetPlatform 'LinuxAArch64NoEditor'
[2022.02.22-01.59.41:197][  0]LogTargetPlatformManager: Display: Loaded TargetPlatform 'LinuxAArch64Client'
[2022.02.22-01.59.41:202][  0]LogTargetPlatformManager: Display: Loaded TargetPlatform 'LinuxAArch64Server'
[2022.02.22-01.59.41:232][  0]LogTargetPlatformManager: Display: Loaded TargetPlatform 'Lumin'
[2022.02.22-01.59.41:232][  0]LogTargetPlatformManager: Display: Loaded TargetPlatform 'LuminClient'
[2022.02.22-01.59.41:241][  0]LogTargetPlatformManager: Display: Loaded TargetPlatform 'MacNoEditor'
[2022.02.22-01.59.41:246][  0]LogTargetPlatformManager: Display: Loaded TargetPlatform 'Mac'
[2022.02.22-01.59.41:251][  0]LogTargetPlatformManager: Display: Loaded TargetPlatform 'MacClient'
[2022.02.22-01.59.41:255][  0]LogTargetPlatformManager: Display: Loaded TargetPlatform 'MacServer'
[2022.02.22-01.59.41:266][  0]LogTargetPlatformManager: Display: Loaded TargetPlatform 'TVOSClient'
[2022.02.22-01.59.41:266][  0]LogTargetPlatformManager: Display: Loaded TargetPlatform 'TVOS'
[2022.02.22-01.59.41:277][  0]LogTargetPlatformManager: Display: Loaded TargetPlatform 'WindowsNoEditor'
[2022.02.22-01.59.41:281][  0]LogTargetPlatformManager: Display: Loaded TargetPlatform 'Windows'
[2022.02.22-01.59.41:286][  0]LogTargetPlatformManager: Display: Loaded TargetPlatform 'WindowsClient'
[2022.02.22-01.59.41:291][  0]LogTargetPlatformManager: Display: Loaded TargetPlatform 'WindowsServer'
[2022.02.22-01.59.41:291][  0]LogTargetPlatformManager: Display: Building Assets For Windows
[2022.02.22-01.59.41:299][  0]LogAudioDebug: Display: Lib vorbis DLL was dynamically loaded.
[2022.02.22-01.59.41:340][  0]LogTextureFormatOodle: Display: Oodle Texture 2.9.0 init RDO Off
[2022.02.22-01.59.41:375][  0]LogRendererCore: Ray tracing is disabled. Reason: r.RayTracing=0.
[2022.02.22-01.59.41:375][  0]LogShaderCompilers: Guid format shader working directory is -32 characters bigger than the processId version (../../../../../../Users/Ludo/source/repos/rubiks-cube-solver/RubiksCubeSolver/Intermediate/Shaders/WorkingDirectory/3672/).
[2022.02.22-01.59.41:375][  0]LogShaderCompilers: Cleaned the shader compiler working directory 'C:/Users/Ludo/AppData/Local/Temp/UnrealShaderWorkingDir/60D023F14737448B22723EA7FBAE2AD5/'.
[2022.02.22-01.59.41:375][  0]LogXGEController: Cannot use XGE Controller as Incredibuild is not installed on this machine.
[2022.02.22-01.59.41:376][  0]LogShaderCompilers: Cannot use XGE Shader Compiler as Incredibuild is not installed on this machine.
[2022.02.22-01.59.41:376][  0]LogShaderCompilers: Display: Using Local Shader Compiler.
[2022.02.22-01.59.42:175][  0]LogDerivedDataCache: Display: Max Cache Size: 512 MB
[2022.02.22-01.59.42:249][  0]LogDerivedDataCache: Loaded boot cache 0.07s 94MB C:/Users/Ludo/AppData/Local/UnrealEngine/4.27/DerivedDataCache/Boot.ddc.
[2022.02.22-01.59.42:249][  0]LogDerivedDataCache: Display: Loaded Boot cache: C:/Users/Ludo/AppData/Local/UnrealEngine/4.27/DerivedDataCache/Boot.ddc
[2022.02.22-01.59.42:249][  0]LogDerivedDataCache: FDerivedDataBackendGraph:  Pak pak cache file ../../../../../../Users/Ludo/source/repos/rubiks-cube-solver/RubiksCubeSolver/DerivedDataCache/DDC.ddp not found, will not use a pak cache.
[2022.02.22-01.59.42:249][  0]LogDerivedDataCache: Unable to find inner node Pak for hierarchical cache Hierarchy.
[2022.02.22-01.59.42:249][  0]LogDerivedDataCache: FDerivedDataBackendGraph:  CompressedPak pak cache file ../../../../../../Users/Ludo/source/repos/rubiks-cube-solver/RubiksCubeSolver/DerivedDataCache/Compressed.ddp not found, will not use a pak cache.
[2022.02.22-01.59.42:249][  0]LogDerivedDataCache: Unable to find inner node CompressedPak for hierarchical cache Hierarchy.
[2022.02.22-01.59.42:266][  0]LogDerivedDataCache: Display: Pak cache opened for reading ../../../Engine/DerivedDataCache/Compressed.ddp.
[2022.02.22-01.59.42:266][  0]LogDerivedDataCache: FDerivedDataBackendGraph:  EnterprisePak pak cache file ../../../Enterprise/DerivedDataCache/Compressed.ddp not found, will not use a pak cache.
[2022.02.22-01.59.42:266][  0]LogDerivedDataCache: Unable to find inner node EnterprisePak for hierarchical cache Hierarchy.
[2022.02.22-01.59.42:291][  0]LogDerivedDataCache: Speed tests for C:/Users/Ludo/AppData/Local/UnrealEngine/Common/DerivedDataCache took 0.03 seconds
[2022.02.22-01.59.42:291][  0]LogDerivedDataCache: Display: Performance to C:/Users/Ludo/AppData/Local/UnrealEngine/Common/DerivedDataCache: Latency=0.08ms. RandomReadSpeed=465.66MBs, RandomWriteSpeed=42.01MBs. Assigned SpeedClass 'Local'
[2022.02.22-01.59.42:292][  0]LogDerivedDataCache: Using Local data cache path C:/Users/Ludo/AppData/Local/UnrealEngine/Common/DerivedDataCache: Writable
[2022.02.22-01.59.42:292][  0]LogDerivedDataCache: Shared data cache path not found in *engine.ini, will not use an Shared cache.
[2022.02.22-01.59.42:292][  0]LogDerivedDataCache: Unable to find inner node Shared for hierarchical cache Hierarchy.
[2022.02.22-01.59.42:338][  0]LogSlate: Using FreeType 2.10.0
[2022.02.22-01.59.42:339][  0]LogSlate: SlateFontServices - WITH_FREETYPE: 1, WITH_HARFBUZZ: 1
[2022.02.22-01.59.42:369][  0]LogAssetRegistry: FAssetRegistry took 0.0031 seconds to start up
[2022.02.22-01.59.42:612][  0]LogInit: Selected Device Profile: [Windows]
[2022.02.22-01.59.42:612][  0]LogInit: Active device profile: [0000021E51DA6900][0000021E4CBFD740 49] Windows
[2022.02.22-01.59.42:612][  0]LogInit: Profiles: [0000021E51DA6900][0000021E4CBFD740 49] Windows, [0000021E51D55900][0000021E4C8618C0 49] WindowsNoEditor, [0000021E51DA5900][0000021E4C865A40 49] WindowsServer, [0000021E51D56900][0000021E4C869BC0 49] WindowsClient, [0000021E51DA6B00][0000021E4C86C1C0 49] IOS, [0000021E51D57300][0000021E4C870340 49] iPadAir, [0000021E51DA5600][0000021E4C8744C0 49] iPadAir2, [0000021E51CF7200][0000021E472E6780 49] IPadPro, [0000021E51CF7300][0000021E4C8787C0 49] iPadAir3, [0000021E51DA6A00][0000021E472EA940 49] iPadAir4, [0000021E51CF5E00][0000021E472EEAC0 49] iPadMini2, [0000021E51DA5800][0000021E43FD8C00 49] iPadMini3, [0000021E51CF5A00][0000021E472F2D40 49] iPadMini4, [0000021E51DA5F00][0000021E472F6E80 49] iPadMini5, [0000021E51D76800][0000021E47303100 49] iPhone6, [0000021E51D76900][0000021E472FB140 49] iPodTouch6, [0000021E51CF4E00][0000021E4730B400 49] iPhone7, [0000021E51CF4D00][0000021E47307440 49] iPodTouch7, [0000021E51D75D00][0000021E4730F5C0 49] iPhone5S, [0000021E51CF5900][0000021E47313740 49] iPhone6Plus, [0000021E51D76E00][0000021E473178C0 49] iPhone6S, [0000021E51CF6600][0000021E4731BA40 49] iPhone6SPlus, [0000021E51D76A00][0000021E4731FBC0 49] iPhone7Plus, [0000021E51CF5600][0000021E473221C0 49] iPhoneSE, [0000021E51D76600][0000021E47326340 49] iPhone8, [0000021E51CF6300][0000021E4732A4C0 49] iPhone8Plus, [0000021E51D75B00][0000021E4732E640 49] iPhoneX, [0000021E51CF6500][0000021E473327C0 49] iPhoneXS, [0000021E51D74300][0000021E47336940 49] iPhoneXSMax, [0000021E51CF7900][0000021E4733AAC0 49] iPhoneXR, [0000021E51D77200][0000021E4733EC40 49] iPhone11, [0000021E51CF5400][0000021E472FED80 49] iPhone11Pro, [0000021E51D75000][0000021E47342EC0 49] iPhone11ProMax, [0000021E51CF6C00][0000021E47347000 49] iPhoneSE2, [0000021E51D77A00][0000021E4734B140 49] iPhone12Mini, [0000021E51CF7600][0000021E473532C0 49] iPhone12, [0000021E51D74E00][0000021E47357440 49] iPhone12Pro, [0000021E51CF7000][0000021E4735B5C0 49] iPhone12ProMax, [0000021E51D75300][0000021E4A6E9740 49] iPadPro105, [0000021E51CF4500][0000021E4A6ED8C0 49] iPadPro129, [0000021E51D74800][0000021E4A6F1A40 49] iPadPro97, [0000021E51CF7D00][0000021E4A6F5BC0 49] iPadPro2_129, [0000021E51D76200][0000021E4A6F81C0 49] iPad5, [0000021E51CF4600][0000021E4A6FC340 49] iPad6, [0000021E51D77800][0000021E4A7004C0 49] iPad7, [0000021E51CF6800][0000021E4A704640 49] iPad8, [0000021E51D74D00][0000021E4A7087C0 49] iPadPro11, [0000021E51DE8B00][0000021E4A70C940 49] iPadPro2_11, [0000021E51D57500][0000021E4A710AC0 49] iPadPro3_129, [0000021E51DE9300][0000021E4A714C40 49] iPadPro4_129, [0000021E51D56400][0000021E4A718DC0 49] AppleTV, [0000021E51DE8E00][0000021E4A71CF40 49] AppleTV4K, [0000021E51D56A00][0000021E4734F080 49] TVOS, [0000021E51DE9A00][0000021E4A7211C0 49] Mac, [0000021E51D57A00][0000021E4A725300 49] MacClient, [0000021E51DE8900][0000021E4A72D480 49] MacNoEditor, [0000021E51D57000][0000021E4A731600 49] MacServer, [0000021E51DE8200][0000021E4A735780 49] Linux, [0000021E51D54F00][0000021E4A739900 49] LinuxAArch64, [0000021E51DE9100][0000021E4A73DA80 49] LinuxNoEditor, [0000021E51D55300][0000021E4A741C00 49] LinuxAArch64NoEditor, [0000021E51DE8700][0000021E4A744200 49] LinuxClient, [0000021E51D55700][0000021E4A748380 49] LinuxAArch64Client, [0000021E51D75800][0000021E4A74C500 49] LinuxServer, [0000021E51CF5500][0000021E4A750680 49] LinuxAArch64Server, [0000021E51D77900][0000021E4A754800 49] Android, [0000021E51CF4100][0000021E4A758980 49] Android_Low, [0000021E51D74700][0000021E4A75CB00 49] Android_Mid, [0000021E51CF7700][0000021E4A760C80 49] Android_High, [0000021E51D75100][0000021E4A764E00 49] Android_Default, [0000021E51CF4700][0000021E4A768F80 49] Android_Adreno4xx, [0000021E51D75500][0000021E4A76D100 49] Android_Adreno5xx_Low, [0000021E51CF5800][0000021E4A729240 49] Android_Adreno5xx, [0000021E51D76500][0000021E4A771380 49] Android_Adreno6xx, [0000021E51CF4300][0000021E4A7754C0 49] Android_Adreno6xx_Vulkan, [0000021E51D76C00][0000021E477AF640 49] Android_Mali_T6xx, [0000021E51CF7E00][0000021E477B37C0 49] Android_Mali_T7xx, [0000021E51D75400][0000021E477B7940 49] Android_Mali_T8xx, [0000021E51CF6E00][0000021E477BBAC0 49] Android_Mali_G71, [0000021E51D75700][0000021E477BE0C0 49] Android_Mali_G72, [0000021E51CF5100][0000021E477C2240 49] Android_Mali_G72_Vulkan, [0000021E51D77B00][0000021E477C63C0 49] Android_Mali_G76, [0000021E51CF5200][0000021E477CA540 49] Android_Mali_G76_Vulkan, [0000021E51D74400][0000021E477CE6C0 49] Android_Mali_G77, [0000021E51CF5C00][0000021E477D2840 49] Android_Mali_G77_Vulkan, [0000021E51D76100][0000021E477D69C0 49] Android_Mali_G78, [0000021E51CF7400][0000021E477DAB40 49] Android_Mali_G78_Vulkan, [0000021E51D77000][0000021E477DECC0 49] Android_Mali_G710, [0000021E51CF7A00][0000021E477E2E40 49] Android_Mali_G710_Vulkan, [0000021E51D74B00][0000021E477E6FC0 49] Android_Vulkan_SM5, [0000021E51CF6B00][0000021E477EB140 49] Android_PowerVR_G6xxx, [0000021E51DE9400][0000021E477EF2C0 49] Android_PowerVR_GT7xxx, [0000021E51CF5000][0000021E477AB400 49] Android_PowerVR_GE8xxx, [0000021E51DA6200][0000021E477F3540 49] Android_PowerVR_GM9xxx, [0000021E51D54B00][0000021E477F7680 49] Android_PowerVR_GM9xxx_Vulkan, [0000021E51DA6000][0000021E477FB7C0 49] Android_TegraK1, [0000021E51D57E00][0000021E47803940 49] Android_Unknown_Vulkan, [0000021E51DA5700][0000021E47807AC0 49] Lumin, [0000021E51D54600][0000021E4780A0C0 49] Lumin_Desktop, [0000021E51DA4400][0000021E4780E240 49] HoloLens, 
[2022.02.22-01.59.42:752][  0]LogMeshReduction: Using QuadricMeshReduction for automatic static mesh reduction
[2022.02.22-01.59.42:752][  0]LogMeshReduction: Using SimplygonMeshReduction for automatic skeletal mesh reduction
[2022.02.22-01.59.42:752][  0]LogMeshReduction: Using ProxyLODMeshReduction for automatic mesh merging
[2022.02.22-01.59.42:752][  0]LogMeshReduction: No distributed automatic mesh merging module available
[2022.02.22-01.59.42:752][  0]LogMeshMerging: No distributed automatic mesh merging module available
[2022.02.22-01.59.42:776][  0]LogNetVersion: RubiksCubeSolver 1.0.0, NetCL: 17155196, EngineNetVer: 17, GameNetVer: 0 (Checksum: 1209938253)
[2022.02.22-01.59.43:275][  0]LogTexture: Default maximum texture size for cubemaps generated from long-lat sources has been changed from 512 to unlimited. In order to preserve old behaiour for '/Engine/MapTemplates/Sky/DaylightAmbientCubemap.DaylightAmbientCubemap', its maximum texture size has been explicitly set to 512.
[2022.02.22-01.59.43:339][  0]LogHMD: PokeAHoleMaterial loaded successfully
[2022.02.22-01.59.43:345][  0]LogUObjectArray: 17178 objects as part of root set at end of initial load.
[2022.02.22-01.59.43:345][  0]LogUObjectAllocator: 4302048 out of 0 bytes used by permanent object pool.
[2022.02.22-01.59.43:345][  0]LogUObjectArray: CloseDisregardForGC: 0/0 objects in disregard for GC pool
[2022.02.22-01.59.43:654][  0]LogNiagaraDebuggerClient: Niagara Debugger Client Initialized | Session: B25E1F2A481824327D4233A14DD02165 | Instance: B78937784346625314FCD9BC0E2E2432 (LUDO-PC-3672).
[2022.02.22-01.59.43:796][  0]LogPython: Using Python 3.7.7
[2022.02.22-01.59.44:343][  0]LogTcpMessaging: Initializing TcpMessaging bridge
[2022.02.22-01.59.44:348][  0]LogUdpMessaging: Initializing bridge on interface 0.0.0.0:0 to multicast group 230.0.0.1:6666.
[2022.02.22-01.59.44:403][  0]LogTemp: Warning: CubePawn constructor called
[2022.02.22-01.59.44:473][  0]SourceControl: Source control is disabled
[2022.02.22-01.59.44:474][  0]SourceControl: Source control is disabled
[2022.02.22-01.59.44:477][  0]SourceControl: Source control is disabled
[2022.02.22-01.59.44:480][  0]SourceControl: Source control is disabled
[2022.02.22-01.59.44:496][  0]SourceControl: Source control is disabled
[2022.02.22-01.59.44:502][  0]LogUProjectInfo: Found projects:
[2022.02.22-01.59.44:760][  0]LogOpenImageDenoise: OIDN starting up
[2022.02.22-01.59.44:796][  0]LogAndroidPermission: UAndroidPermissionCallbackProxy::GetInstance
[2022.02.22-01.59.44:819][  0]LogAudioCaptureCore: Display: No Audio Capture implementations found. Audio input will be silent.
[2022.02.22-01.59.44:819][  0]LogAudioCaptureCore: Display: No Audio Capture implementations found. Audio input will be silent.
[2022.02.22-01.59.45:035][  0]LogCollectionManager: Loaded 0 collections in 0.003405 seconds
[2022.02.22-01.59.45:066][  0]LogFileCache: Scanning file cache for directory 'C:/Users/Ludo/source/repos/rubiks-cube-solver/RubiksCubeSolver/Saved/Collections/' took 0.00s
[2022.02.22-01.59.45:066][  0]LogFileCache: Scanning file cache for directory 'C:/Users/Ludo/source/repos/rubiks-cube-solver/RubiksCubeSolver/Content/Developers/Ludo/Collections/' took 0.00s
[2022.02.22-01.59.45:066][  0]LogFileCache: Scanning file cache for directory 'C:/Users/Ludo/source/repos/rubiks-cube-solver/RubiksCubeSolver/Content/Collections/' took 0.00s
[2022.02.22-01.59.45:066][  0]LogOcInput: OculusInput pre-init called
[2022.02.22-01.59.45:341][  0]LogEngine: Initializing Engine...
[2022.02.22-01.59.45:344][  0]LogHMD: Failed to enumerate extensions. Please check that you have a valid OpenXR runtime installed.
[2022.02.22-01.59.45:345][  0]LogHMD: Failed to initialize OpenVR with code 100
[2022.02.22-01.59.45:345][  0]LogMagicLeap: Warning: VR disabled because ZI is not enabled.  To enable, in the editor, Edit -> Project Settings -> Plugins -> Magic Leap Plugin -> Enable Zero Iteration
[2022.02.22-01.59.45:346][  0]LogStats: UGameplayTagsManager::InitializeManager -  0.000 s
[2022.02.22-01.59.45:480][  0]LogInit: Initializing FReadOnlyCVARCache
[2022.02.22-01.59.45:490][  0]LogAIModule: Creating AISystem for world Untitled
[2022.02.22-01.59.45:491][  0]LogAudio: Display: Initializing Audio Device Manager...
[2022.02.22-01.59.45:494][  0]LogAudio: Display: Loading Default Audio Settings Objects...
[2022.02.22-01.59.45:495][  0]LogAudio: Display: No default SoundConcurrencyObject specified (or failed to load).
[2022.02.22-01.59.45:495][  0]LogAudio: Display: Audio Device Manager Initialized
[2022.02.22-01.59.45:495][  0]LogAudio: Display: Creating Audio Device:                 Id: 1, Scope: Shared, Realtime: True
[2022.02.22-01.59.45:495][  0]LogAudioMixer: Display: Audio Mixer Platform Settings:
[2022.02.22-01.59.45:495][  0]LogAudioMixer: Display: 	Sample Rate:						  48000
[2022.02.22-01.59.45:495][  0]LogAudioMixer: Display: 	Callback Buffer Frame Size Requested: 1024
[2022.02.22-01.59.45:495][  0]LogAudioMixer: Display: 	Callback Buffer Frame Size To Use:	  1024
[2022.02.22-01.59.45:495][  0]LogAudioMixer: Display: 	Number of buffers to queue:			  2
[2022.02.22-01.59.45:495][  0]LogAudioMixer: Display: 	Max Channels (voices):				  32
[2022.02.22-01.59.45:495][  0]LogAudioMixer: Display: 	Number of Async Source Workers:		  0
[2022.02.22-01.59.45:495][  0]LogAudio: Display: AudioDevice MaxSources: 32
[2022.02.22-01.59.45:496][  0]LogAudio: Display: Audio Spatialization Plugin: None (built-in).
[2022.02.22-01.59.45:496][  0]LogAudio: Display: Audio Reverb Plugin: None (built-in).
[2022.02.22-01.59.45:496][  0]LogAudio: Display: Audio Occlusion Plugin: None (built-in).
[2022.02.22-01.59.45:496][  0]LogAudioMixer: Display: Initializing audio mixer.
[2022.02.22-01.59.45:534][  0]LogAudioMixer: Display: 0: FrontLeft
[2022.02.22-01.59.45:534][  0]LogAudioMixer: Display: 1: FrontRight
[2022.02.22-01.59.45:571][  0]LogAudioMixer: Display: Using Audio Device Speakers (3- Blue Microphones Spark Digital)
[2022.02.22-01.59.45:571][  0]LogAudioMixer: Display: Initializing Sound Submixes...
[2022.02.22-01.59.45:574][  0]LogAudioMixer: Display: Creating Master Submix 'MasterSubmixDefault'
[2022.02.22-01.59.45:574][  0]LogAudioMixer: Display: Creating Master Submix 'MasterReverbSubmixDefault'
[2022.02.22-01.59.45:575][  0]LogAudioMixer: Display: Creating Master Submix 'MasterEQSubmixDefault'
[2022.02.22-01.59.45:575][  0]LogAudioMixer: FMixerPlatformXAudio2::StartAudioStream() called
[2022.02.22-01.59.45:575][  0]LogAudioMixer: Display: Output buffers initialized: Frames=1024, Channels=2, Samples=2048
[2022.02.22-01.59.45:576][  0]LogAudioMixer: Display: Starting AudioMixerPlatformInterface::RunInternal()
[2022.02.22-01.59.45:576][  0]LogAudioMixer: Display: FMixerPlatformXAudio2::SubmitBuffer() called for the first time
[2022.02.22-01.59.45:576][  0]LogInit: FAudioDevice initialized.
[2022.02.22-01.59.45:577][  0]LogAudio: Display: Audio Device (ID: 1) registered with world 'Untitled'.
[2022.02.22-01.59.45:577][  0]LogNetVersion: Set ProjectVersion to 1.0.0.0. Version Checksum will be recalculated on next use.
[2022.02.22-01.59.45:692][  0]LogDerivedDataCache: Saved boot cache 0.12s 94MB C:/Users/Ludo/AppData/Local/UnrealEngine/4.27/DerivedDataCache/Boot.ddc.
[2022.02.22-01.59.45:694][  0]LogInit: Texture streaming: Enabled
[2022.02.22-01.59.45:707][  0]LogAnalytics: Display: [UEEditor.Rocket.Release] APIServer = https://datarouter.ol.epicgames.com/. AppVersion = 4.27.2-18319896+++UE4+Release-4.27
[2022.02.22-01.59.45:712][  0]LogEngineSessionManager: EngineSessionManager initialized
[2022.02.22-01.59.45:712][  0]LogEditorSessionSummary: Verbose: Initializing EditorSessionSummaryWriter for editor session tracking
[2022.02.22-01.59.45:718][  0]LogEditorSessionSummary: EditorSessionSummaryWriter initialized
[2022.02.22-01.59.45:755][  0]LogInit: Transaction tracking system initialized
[2022.02.22-01.59.45:776][  0]BlueprintLog: New page: Editor Load
[2022.02.22-01.59.45:842][  0]LocalizationService: Localization service is disabled
[2022.02.22-01.59.45:870][  0]TimingProfiler: Initialize
[2022.02.22-01.59.45:870][  0]TimingProfiler: OnSessionChanged
[2022.02.22-01.59.45:870][  0]LoadingProfiler: Initialize
[2022.02.22-01.59.45:870][  0]LoadingProfiler: OnSessionChanged
[2022.02.22-01.59.45:870][  0]NetworkingProfiler: Initialize
[2022.02.22-01.59.45:870][  0]NetworkingProfiler: OnSessionChanged
[2022.02.22-01.59.45:870][  0]MemoryProfiler: Initialize
[2022.02.22-01.59.45:870][  0]MemoryProfiler: OnSessionChanged
[2022.02.22-01.59.46:050][  0]LogCook: Display: CookSettings for Memory: MemoryMaxUsedVirtual 0MiB, MemoryMaxUsedPhysical 16384MiB, MemoryMinFreeVirtual 0MiB, MemoryMinFreePhysical 1024MiB
[2022.02.22-01.59.46:050][  0]LogCook: Display: Mobile HDR setting 1
[2022.02.22-01.59.46:242][  0]LogFileCache: Scanning file cache for directory 'C:/Users/Ludo/source/repos/rubiks-cube-solver/RubiksCubeSolver/Content/' took 0.01s
[2022.02.22-01.59.46:482][  0]LogInit: Display: Engine is initialized. Leaving FEngineLoop::Init()
[2022.02.22-01.59.46:487][  0]SourceControl: Source control is disabled
[2022.02.22-01.59.46:487][  0]LogUnrealEdMisc: Loading editor; pre map load, took 9.101
[2022.02.22-01.59.46:488][  0]Cmd: MAP LOAD FILE="../../../../../../Users/Ludo/source/repos/rubiks-cube-solver/RubiksCubeSolver/Content/StarterContent/Maps/Minimal_Default.umap" TEMPLATE=0 SHOWPROGRESS=1 FEATURELEVEL=3
[2022.02.22-01.59.46:488][  0]LightingResults: New page: Lighting Build
[2022.02.22-01.59.46:489][  0]LogWorld: UWorld::CleanupWorld for Untitled, bSessionEnded=true, bCleanupResources=true
[2022.02.22-01.59.46:489][  0]LogSlate: InvalidateAllWidgets triggered.  All widgets were invalidated
[2022.02.22-01.59.46:490][  0]MapCheck: New page: Map Check
[2022.02.22-01.59.46:490][  0]LightingResults: New page: Lighting Build
[2022.02.22-01.59.46:496][  0]LogAudio: Display: Audio Device unregistered from world 'None'.
[2022.02.22-01.59.46:499][  0]LogUObjectHash: Compacting FUObjectHashTables data took   0.92ms
[2022.02.22-01.59.46:552][  0]LogTemp: Warning: CubePawn constructor called
[2022.02.22-01.59.46:571][  0]LogAudio: Display: Audio Device (ID: 1) registered with world 'Minimal_Default'.
[2022.02.22-01.59.46:572][  0]LogAIModule: Creating AISystem for world Minimal_Default
[2022.02.22-01.59.46:577][  0]LogEditorServer: Finished looking for orphan Actors (0.000 secs)
[2022.02.22-01.59.46:590][  0]LogUObjectHash: Compacting FUObjectHashTables data took   0.86ms
[2022.02.22-01.59.46:590][  0]Cmd: MAP CHECKDEP NOCLEARLOG
[2022.02.22-01.59.46:590][  0]MapCheck: Map check complete: 0 Error(s), 0 Warning(s), took 0.185ms to complete.
[2022.02.22-01.59.46:590][  0]LogFileHelpers: Loading map 'Minimal_Default' took 0.103
[2022.02.22-01.59.46:594][  0]LogUnrealEdMisc: Total Editor Startup Time, took 9.208
[2022.02.22-01.59.46:732][  0]LogSlate: Updating window title bar state: overlay mode, drag disabled, window buttons hidden, title bar hidden
[2022.02.22-01.59.46:739][  0]LogSlate: Updating window title bar state: overlay mode, drag disabled, window buttons hidden, title bar hidden
[2022.02.22-01.59.46:745][  0]LogSlate: Updating window title bar state: overlay mode, drag disabled, window buttons hidden, title bar hidden
[2022.02.22-01.59.46:751][  0]LogSlate: Updating window title bar state: overlay mode, drag disabled, window buttons hidden, title bar hidden
[2022.02.22-01.59.46:767][  0]LogNativeClassHierarchy: Verbose: Native class hierarchy populated in 0.0091 seconds. Added 3825 classes and 930 folders.
[2022.02.22-01.59.46:770][  0]LogNativeClassHierarchy: Verbose: Native class hierarchy updated for 'WidgetCarousel' in 0.0003 seconds. Added 0 classes and 0 folders.
[2022.02.22-01.59.46:771][  0]LogPakFile: PakFile PrimaryIndexSize=187
[2022.02.22-01.59.46:771][  0]LogPakFile: PakFile PathHashIndexSize=101
[2022.02.22-01.59.46:771][  0]LogPakFile: PakFile FullDirectoryIndexSize=148
[2022.02.22-01.59.46:771][  0]LogShaderLibrary: Display: ShaderCodeLibraryPakFileMountedCallback: PakFile 'C:/Program Files/Epic Games/UE_4.27/FeaturePacks/FP_FirstPerson.upack' (chunk index -1, root 'root:/') mounted
[2022.02.22-01.59.46:772][  0]LogShaderLibrary: Display: ShaderCodeLibraryPakFileMountedCallback: pending pak file info (ChunkID:-1 Root:root:/ File:C:/Program Files/Epic Games/UE_4.27/FeaturePacks/FP_FirstPerson.upack)
[2022.02.22-01.59.46:772][  0]LogPakFile: OnPakFileMounted2Time == 0.000057
[2022.02.22-01.59.46:772][  0]LogPakFile: PakFile PrimaryIndexSize=189
[2022.02.22-01.59.46:773][  0]LogPakFile: PakFile PathHashIndexSize=101
[2022.02.22-01.59.46:773][  0]LogPakFile: PakFile FullDirectoryIndexSize=152
[2022.02.22-01.59.46:773][  0]LogShaderLibrary: Display: ShaderCodeLibraryPakFileMountedCallback: PakFile 'C:/Program Files/Epic Games/UE_4.27/FeaturePacks/FP_FirstPersonBP.upack' (chunk index -1, root 'root:/') mounted
[2022.02.22-01.59.46:773][  0]LogShaderLibrary: Display: ShaderCodeLibraryPakFileMountedCallback: pending pak file info (ChunkID:-1 Root:root:/ File:C:/Program Files/Epic Games/UE_4.27/FeaturePacks/FP_FirstPersonBP.upack)
[2022.02.22-01.59.46:773][  0]LogPakFile: OnPakFileMounted2Time == 0.000044
[2022.02.22-01.59.46:773][  0]LogPakFile: PakFile PrimaryIndexSize=191
[2022.02.22-01.59.46:773][  0]LogPakFile: PakFile PathHashIndexSize=101
[2022.02.22-01.59.46:773][  0]LogPakFile: PakFile FullDirectoryIndexSize=160
[2022.02.22-01.59.46:773][  0]LogShaderLibrary: Display: ShaderCodeLibraryPakFileMountedCallback: PakFile 'C:/Program Files/Epic Games/UE_4.27/FeaturePacks/MobileStarterContent.upack' (chunk index -1, root 'root:/') mounted
[2022.02.22-01.59.46:774][  0]LogShaderLibrary: Display: ShaderCodeLibraryPakFileMountedCallback: pending pak file info (ChunkID:-1 Root:root:/ File:C:/Program Files/Epic Games/UE_4.27/FeaturePacks/MobileStarterContent.upack)
[2022.02.22-01.59.46:774][  0]LogPakFile: OnPakFileMounted2Time == 0.000037
[2022.02.22-01.59.46:774][  0]LogPakFile: PakFile PrimaryIndexSize=185
[2022.02.22-01.59.46:774][  0]LogPakFile: PakFile PathHashIndexSize=101
[2022.02.22-01.59.46:774][  0]LogPakFile: PakFile FullDirectoryIndexSize=148
[2022.02.22-01.59.46:774][  0]LogShaderLibrary: Display: ShaderCodeLibraryPakFileMountedCallback: PakFile 'C:/Program Files/Epic Games/UE_4.27/FeaturePacks/StarterContent.upack' (chunk index -1, root 'root:/') mounted
[2022.02.22-01.59.46:774][  0]LogShaderLibrary: Display: ShaderCodeLibraryPakFileMountedCallback: pending pak file info (ChunkID:-1 Root:root:/ File:C:/Program Files/Epic Games/UE_4.27/FeaturePacks/StarterContent.upack)
[2022.02.22-01.59.46:774][  0]LogPakFile: OnPakFileMounted2Time == 0.000038
[2022.02.22-01.59.46:775][  0]LogPakFile: PakFile PrimaryIndexSize=190
[2022.02.22-01.59.46:775][  0]LogPakFile: PakFile PathHashIndexSize=101
[2022.02.22-01.59.46:775][  0]LogPakFile: PakFile FullDirectoryIndexSize=154
[2022.02.22-01.59.46:775][  0]LogShaderLibrary: Display: ShaderCodeLibraryPakFileMountedCallback: PakFile 'C:/Program Files/Epic Games/UE_4.27/FeaturePacks/TP_2DSideScroller.upack' (chunk index -1, root 'root:/') mounted
[2022.02.22-01.59.46:775][  0]LogShaderLibrary: Display: ShaderCodeLibraryPakFileMountedCallback: pending pak file info (ChunkID:-1 Root:root:/ File:C:/Program Files/Epic Games/UE_4.27/FeaturePacks/TP_2DSideScroller.upack)
[2022.02.22-01.59.46:775][  0]LogPakFile: OnPakFileMounted2Time == 0.000038
[2022.02.22-01.59.46:776][  0]LogPakFile: PakFile PrimaryIndexSize=192
[2022.02.22-01.59.46:776][  0]LogPakFile: PakFile PathHashIndexSize=101
[2022.02.22-01.59.46:776][  0]LogPakFile: PakFile FullDirectoryIndexSize=158
[2022.02.22-01.59.46:776][  0]LogShaderLibrary: Display: ShaderCodeLibraryPakFileMountedCallback: PakFile 'C:/Program Files/Epic Games/UE_4.27/FeaturePacks/TP_2DSideScrollerBP.upack' (chunk index -1, root 'root:/') mounted
[2022.02.22-01.59.46:776][  0]LogShaderLibrary: Display: ShaderCodeLibraryPakFileMountedCallback: pending pak file info (ChunkID:-1 Root:root:/ File:C:/Program Files/Epic Games/UE_4.27/FeaturePacks/TP_2DSideScrollerBP.upack)
[2022.02.22-01.59.46:776][  0]LogPakFile: OnPakFileMounted2Time == 0.000033
[2022.02.22-01.59.46:777][  0]LogPakFile: PakFile PrimaryIndexSize=182
[2022.02.22-01.59.46:777][  0]LogPakFile: PakFile PathHashIndexSize=101
[2022.02.22-01.59.46:777][  0]LogPakFile: PakFile FullDirectoryIndexSize=138
[2022.02.22-01.59.46:777][  0]LogShaderLibrary: Display: ShaderCodeLibraryPakFileMountedCallback: PakFile 'C:/Program Files/Epic Games/UE_4.27/FeaturePacks/TP_Flying.upack' (chunk index -1, root 'root:/') mounted
[2022.02.22-01.59.46:777][  0]LogShaderLibrary: Display: ShaderCodeLibraryPakFileMountedCallback: pending pak file info (ChunkID:-1 Root:root:/ File:C:/Program Files/Epic Games/UE_4.27/FeaturePacks/TP_Flying.upack)
[2022.02.22-01.59.46:777][  0]LogPakFile: OnPakFileMounted2Time == 0.000033
[2022.02.22-01.59.46:778][  0]LogPakFile: PakFile PrimaryIndexSize=184
[2022.02.22-01.59.46:778][  0]LogPakFile: PakFile PathHashIndexSize=101
[2022.02.22-01.59.46:778][  0]LogPakFile: PakFile FullDirectoryIndexSize=142
[2022.02.22-01.59.46:778][  0]LogShaderLibrary: Display: ShaderCodeLibraryPakFileMountedCallback: PakFile 'C:/Program Files/Epic Games/UE_4.27/FeaturePacks/TP_FlyingBP.upack' (chunk index -1, root 'root:/') mounted
[2022.02.22-01.59.46:778][  0]LogShaderLibrary: Display: ShaderCodeLibraryPakFileMountedCallback: pending pak file info (ChunkID:-1 Root:root:/ File:C:/Program Files/Epic Games/UE_4.27/FeaturePacks/TP_FlyingBP.upack)
[2022.02.22-01.59.46:778][  0]LogPakFile: OnPakFileMounted2Time == 0.000033
[2022.02.22-01.59.46:779][  0]LogPakFile: PakFile PrimaryIndexSize=188
[2022.02.22-01.59.46:779][  0]LogPakFile: PakFile PathHashIndexSize=101
[2022.02.22-01.59.46:779][  0]LogPakFile: PakFile FullDirectoryIndexSize=150
[2022.02.22-01.59.46:779][  0]LogShaderLibrary: Display: ShaderCodeLibraryPakFileMountedCallback: PakFile 'C:/Program Files/Epic Games/UE_4.27/FeaturePacks/TP_HandheldARBP.upack' (chunk index -1, root 'root:/') mounted
[2022.02.22-01.59.46:779][  0]LogShaderLibrary: Display: ShaderCodeLibraryPakFileMountedCallback: pending pak file info (ChunkID:-1 Root:root:/ File:C:/Program Files/Epic Games/UE_4.27/FeaturePacks/TP_HandheldARBP.upack)
[2022.02.22-01.59.46:779][  0]LogPakFile: OnPakFileMounted2Time == 0.000033
[2022.02.22-01.59.46:780][  0]LogPakFile: PakFile PrimaryIndexSize=182
[2022.02.22-01.59.46:780][  0]LogPakFile: PakFile PathHashIndexSize=101
[2022.02.22-01.59.46:780][  0]LogPakFile: PakFile FullDirectoryIndexSize=138
[2022.02.22-01.59.46:780][  0]LogShaderLibrary: Display: ShaderCodeLibraryPakFileMountedCallback: PakFile 'C:/Program Files/Epic Games/UE_4.27/FeaturePacks/TP_Puzzle.upack' (chunk index -1, root 'root:/') mounted
[2022.02.22-01.59.46:780][  0]LogShaderLibrary: Display: ShaderCodeLibraryPakFileMountedCallback: pending pak file info (ChunkID:-1 Root:root:/ File:C:/Program Files/Epic Games/UE_4.27/FeaturePacks/TP_Puzzle.upack)
[2022.02.22-01.59.46:780][  0]LogPakFile: OnPakFileMounted2Time == 0.000035
[2022.02.22-01.59.46:781][  0]LogPakFile: PakFile PrimaryIndexSize=184
[2022.02.22-01.59.46:781][  0]LogPakFile: PakFile PathHashIndexSize=101
[2022.02.22-01.59.46:781][  0]LogPakFile: PakFile FullDirectoryIndexSize=142
[2022.02.22-01.59.46:781][  0]LogShaderLibrary: Display: ShaderCodeLibraryPakFileMountedCallback: PakFile 'C:/Program Files/Epic Games/UE_4.27/FeaturePacks/TP_PuzzleBP.upack' (chunk index -1, root 'root:/') mounted
[2022.02.22-01.59.46:781][  0]LogShaderLibrary: Display: ShaderCodeLibraryPakFileMountedCallback: pending pak file info (ChunkID:-1 Root:root:/ File:C:/Program Files/Epic Games/UE_4.27/FeaturePacks/TP_PuzzleBP.upack)
[2022.02.22-01.59.46:781][  0]LogPakFile: OnPakFileMounted2Time == 0.000034
[2022.02.22-01.59.46:782][  0]LogPakFile: PakFile PrimaryIndexSize=183
[2022.02.22-01.59.46:782][  0]LogPakFile: PakFile PathHashIndexSize=101
[2022.02.22-01.59.46:782][  0]LogPakFile: PakFile FullDirectoryIndexSize=140
[2022.02.22-01.59.46:782][  0]LogShaderLibrary: Display: ShaderCodeLibraryPakFileMountedCallback: PakFile 'C:/Program Files/Epic Games/UE_4.27/FeaturePacks/TP_Rolling.upack' (chunk index -1, root 'root:/') mounted
[2022.02.22-01.59.46:782][  0]LogShaderLibrary: Display: ShaderCodeLibraryPakFileMountedCallback: pending pak file info (ChunkID:-1 Root:root:/ File:C:/Program Files/Epic Games/UE_4.27/FeaturePacks/TP_Rolling.upack)
[2022.02.22-01.59.46:782][  0]LogPakFile: OnPakFileMounted2Time == 0.000034
[2022.02.22-01.59.46:783][  0]LogPakFile: PakFile PrimaryIndexSize=185
[2022.02.22-01.59.46:783][  0]LogPakFile: PakFile PathHashIndexSize=101
[2022.02.22-01.59.46:783][  0]LogPakFile: PakFile FullDirectoryIndexSize=144
[2022.02.22-01.59.46:783][  0]LogShaderLibrary: Display: ShaderCodeLibraryPakFileMountedCallback: PakFile 'C:/Program Files/Epic Games/UE_4.27/FeaturePacks/TP_RollingBP.upack' (chunk index -1, root 'root:/') mounted
[2022.02.22-01.59.46:783][  0]LogShaderLibrary: Display: ShaderCodeLibraryPakFileMountedCallback: pending pak file info (ChunkID:-1 Root:root:/ File:C:/Program Files/Epic Games/UE_4.27/FeaturePacks/TP_RollingBP.upack)
[2022.02.22-01.59.46:783][  0]LogPakFile: OnPakFileMounted2Time == 0.000034
[2022.02.22-01.59.46:784][  0]LogPakFile: PakFile PrimaryIndexSize=188
[2022.02.22-01.59.46:784][  0]LogPakFile: PakFile PathHashIndexSize=101
[2022.02.22-01.59.46:784][  0]LogPakFile: PakFile FullDirectoryIndexSize=150
[2022.02.22-01.59.46:784][  0]LogShaderLibrary: Display: ShaderCodeLibraryPakFileMountedCallback: PakFile 'C:/Program Files/Epic Games/UE_4.27/FeaturePacks/TP_SideScroller.upack' (chunk index -1, root 'root:/') mounted
[2022.02.22-01.59.46:784][  0]LogShaderLibrary: Display: ShaderCodeLibraryPakFileMountedCallback: pending pak file info (ChunkID:-1 Root:root:/ File:C:/Program Files/Epic Games/UE_4.27/FeaturePacks/TP_SideScroller.upack)
[2022.02.22-01.59.46:784][  0]LogPakFile: OnPakFileMounted2Time == 0.000034
[2022.02.22-01.59.46:785][  0]LogPakFile: PakFile PrimaryIndexSize=190
[2022.02.22-01.59.46:785][  0]LogPakFile: PakFile PathHashIndexSize=101
[2022.02.22-01.59.46:785][  0]LogPakFile: PakFile FullDirectoryIndexSize=154
[2022.02.22-01.59.46:785][  0]LogShaderLibrary: Display: ShaderCodeLibraryPakFileMountedCallback: PakFile 'C:/Program Files/Epic Games/UE_4.27/FeaturePacks/TP_SideScrollerBP.upack' (chunk index -1, root 'root:/') mounted
[2022.02.22-01.59.46:785][  0]LogShaderLibrary: Display: ShaderCodeLibraryPakFileMountedCallback: pending pak file info (ChunkID:-1 Root:root:/ File:C:/Program Files/Epic Games/UE_4.27/FeaturePacks/TP_SideScrollerBP.upack)
[2022.02.22-01.59.46:785][  0]LogPakFile: OnPakFileMounted2Time == 0.000034
[2022.02.22-01.59.46:786][  0]LogPakFile: PakFile PrimaryIndexSize=187
[2022.02.22-01.59.46:786][  0]LogPakFile: PakFile PathHashIndexSize=101
[2022.02.22-01.59.46:786][  0]LogPakFile: PakFile FullDirectoryIndexSize=148
[2022.02.22-01.59.46:786][  0]LogShaderLibrary: Display: ShaderCodeLibraryPakFileMountedCallback: PakFile 'C:/Program Files/Epic Games/UE_4.27/FeaturePacks/TP_ThirdPerson.upack' (chunk index -1, root 'root:/') mounted
[2022.02.22-01.59.46:786][  0]LogShaderLibrary: Display: ShaderCodeLibraryPakFileMountedCallback: pending pak file info (ChunkID:-1 Root:root:/ File:C:/Program Files/Epic Games/UE_4.27/FeaturePacks/TP_ThirdPerson.upack)
[2022.02.22-01.59.46:786][  0]LogPakFile: OnPakFileMounted2Time == 0.000038
[2022.02.22-01.59.46:787][  0]LogPakFile: PakFile PrimaryIndexSize=189
[2022.02.22-01.59.46:787][  0]LogPakFile: PakFile PathHashIndexSize=101
[2022.02.22-01.59.46:787][  0]LogPakFile: PakFile FullDirectoryIndexSize=152
[2022.02.22-01.59.46:787][  0]LogShaderLibrary: Display: ShaderCodeLibraryPakFileMountedCallback: PakFile 'C:/Program Files/Epic Games/UE_4.27/FeaturePacks/TP_ThirdPersonBP.upack' (chunk index -1, root 'root:/') mounted
[2022.02.22-01.59.46:787][  0]LogShaderLibrary: Display: ShaderCodeLibraryPakFileMountedCallback: pending pak file info (ChunkID:-1 Root:root:/ File:C:/Program Files/Epic Games/UE_4.27/FeaturePacks/TP_ThirdPersonBP.upack)
[2022.02.22-01.59.46:787][  0]LogPakFile: OnPakFileMounted2Time == 0.000033
[2022.02.22-01.59.46:788][  0]LogPakFile: PakFile PrimaryIndexSize=183
[2022.02.22-01.59.46:788][  0]LogPakFile: PakFile PathHashIndexSize=101
[2022.02.22-01.59.46:788][  0]LogPakFile: PakFile FullDirectoryIndexSize=140
[2022.02.22-01.59.46:788][  0]LogShaderLibrary: Display: ShaderCodeLibraryPakFileMountedCallback: PakFile 'C:/Program Files/Epic Games/UE_4.27/FeaturePacks/TP_TopDown.upack' (chunk index -1, root 'root:/') mounted
[2022.02.22-01.59.46:788][  0]LogShaderLibrary: Display: ShaderCodeLibraryPakFileMountedCallback: pending pak file info (ChunkID:-1 Root:root:/ File:C:/Program Files/Epic Games/UE_4.27/FeaturePacks/TP_TopDown.upack)
[2022.02.22-01.59.46:788][  0]LogPakFile: OnPakFileMounted2Time == 0.000041
[2022.02.22-01.59.46:789][  0]LogPakFile: PakFile PrimaryIndexSize=185
[2022.02.22-01.59.46:789][  0]LogPakFile: PakFile PathHashIndexSize=101
[2022.02.22-01.59.46:789][  0]LogPakFile: PakFile FullDirectoryIndexSize=144
[2022.02.22-01.59.46:789][  0]LogShaderLibrary: Display: ShaderCodeLibraryPakFileMountedCallback: PakFile 'C:/Program Files/Epic Games/UE_4.27/FeaturePacks/TP_TopDownBP.upack' (chunk index -1, root 'root:/') mounted
[2022.02.22-01.59.46:789][  0]LogShaderLibrary: Display: ShaderCodeLibraryPakFileMountedCallback: pending pak file info (ChunkID:-1 Root:root:/ File:C:/Program Files/Epic Games/UE_4.27/FeaturePacks/TP_TopDownBP.upack)
[2022.02.22-01.59.46:789][  0]LogPakFile: OnPakFileMounted2Time == 0.000034
[2022.02.22-01.59.46:790][  0]LogPakFile: PakFile PrimaryIndexSize=185
[2022.02.22-01.59.46:790][  0]LogPakFile: PakFile PathHashIndexSize=101
[2022.02.22-01.59.46:790][  0]LogPakFile: PakFile FullDirectoryIndexSize=144
[2022.02.22-01.59.46:790][  0]LogShaderLibrary: Display: ShaderCodeLibraryPakFileMountedCallback: PakFile 'C:/Program Files/Epic Games/UE_4.27/FeaturePacks/TP_TwinStick.upack' (chunk index -1, root 'root:/') mounted
[2022.02.22-01.59.46:790][  0]LogShaderLibrary: Display: ShaderCodeLibraryPakFileMountedCallback: pending pak file info (ChunkID:-1 Root:root:/ File:C:/Program Files/Epic Games/UE_4.27/FeaturePacks/TP_TwinStick.upack)
[2022.02.22-01.59.46:790][  0]LogPakFile: OnPakFileMounted2Time == 0.000036
[2022.02.22-01.59.46:791][  0]LogPakFile: PakFile PrimaryIndexSize=187
[2022.02.22-01.59.46:791][  0]LogPakFile: PakFile PathHashIndexSize=101
[2022.02.22-01.59.46:791][  0]LogPakFile: PakFile FullDirectoryIndexSize=148
[2022.02.22-01.59.46:791][  0]LogShaderLibrary: Display: ShaderCodeLibraryPakFileMountedCallback: PakFile 'C:/Program Files/Epic Games/UE_4.27/FeaturePacks/TP_TwinStickBP.upack' (chunk index -1, root 'root:/') mounted
[2022.02.22-01.59.46:791][  0]LogShaderLibrary: Display: ShaderCodeLibraryPakFileMountedCallback: pending pak file info (ChunkID:-1 Root:root:/ File:C:/Program Files/Epic Games/UE_4.27/FeaturePacks/TP_TwinStickBP.upack)
[2022.02.22-01.59.46:791][  0]LogPakFile: OnPakFileMounted2Time == 0.000033
[2022.02.22-01.59.46:792][  0]LogPakFile: PakFile PrimaryIndexSize=183
[2022.02.22-01.59.46:792][  0]LogPakFile: PakFile PathHashIndexSize=101
[2022.02.22-01.59.46:792][  0]LogPakFile: PakFile FullDirectoryIndexSize=140
[2022.02.22-01.59.46:792][  0]LogShaderLibrary: Display: ShaderCodeLibraryPakFileMountedCallback: PakFile 'C:/Program Files/Epic Games/UE_4.27/FeaturePacks/TP_Vehicle.upack' (chunk index -1, root 'root:/') mounted
[2022.02.22-01.59.46:792][  0]LogShaderLibrary: Display: ShaderCodeLibraryPakFileMountedCallback: pending pak file info (ChunkID:-1 Root:root:/ File:C:/Program Files/Epic Games/UE_4.27/FeaturePacks/TP_Vehicle.upack)
[2022.02.22-01.59.46:792][  0]LogPakFile: OnPakFileMounted2Time == 0.000037
[2022.02.22-01.59.46:793][  0]LogPakFile: PakFile PrimaryIndexSize=186
[2022.02.22-01.59.46:793][  0]LogPakFile: PakFile PathHashIndexSize=101
[2022.02.22-01.59.46:793][  0]LogPakFile: PakFile FullDirectoryIndexSize=146
[2022.02.22-01.59.46:793][  0]LogShaderLibrary: Display: ShaderCodeLibraryPakFileMountedCallback: PakFile 'C:/Program Files/Epic Games/UE_4.27/FeaturePacks/TP_VehicleAdv.upack' (chunk index -1, root 'root:/') mounted
[2022.02.22-01.59.46:793][  0]LogShaderLibrary: Display: ShaderCodeLibraryPakFileMountedCallback: pending pak file info (ChunkID:-1 Root:root:/ File:C:/Program Files/Epic Games/UE_4.27/FeaturePacks/TP_VehicleAdv.upack)
[2022.02.22-01.59.46:793][  0]LogPakFile: OnPakFileMounted2Time == 0.000034
[2022.02.22-01.59.46:794][  0]LogPakFile: PakFile PrimaryIndexSize=188
[2022.02.22-01.59.46:794][  0]LogPakFile: PakFile PathHashIndexSize=101
[2022.02.22-01.59.46:794][  0]LogPakFile: PakFile FullDirectoryIndexSize=150
[2022.02.22-01.59.46:794][  0]LogShaderLibrary: Display: ShaderCodeLibraryPakFileMountedCallback: PakFile 'C:/Program Files/Epic Games/UE_4.27/FeaturePacks/TP_VehicleAdvBP.upack' (chunk index -1, root 'root:/') mounted
[2022.02.22-01.59.46:794][  0]LogShaderLibrary: Display: ShaderCodeLibraryPakFileMountedCallback: pending pak file info (ChunkID:-1 Root:root:/ File:C:/Program Files/Epic Games/UE_4.27/FeaturePacks/TP_VehicleAdvBP.upack)
[2022.02.22-01.59.46:794][  0]LogPakFile: OnPakFileMounted2Time == 0.000037
[2022.02.22-01.59.46:795][  0]LogPakFile: PakFile PrimaryIndexSize=185
[2022.02.22-01.59.46:795][  0]LogPakFile: PakFile PathHashIndexSize=101
[2022.02.22-01.59.46:795][  0]LogPakFile: PakFile FullDirectoryIndexSize=144
[2022.02.22-01.59.46:795][  0]LogShaderLibrary: Display: ShaderCodeLibraryPakFileMountedCallback: PakFile 'C:/Program Files/Epic Games/UE_4.27/FeaturePacks/TP_VehicleBP.upack' (chunk index -1, root 'root:/') mounted
[2022.02.22-01.59.46:795][  0]LogShaderLibrary: Display: ShaderCodeLibraryPakFileMountedCallback: pending pak file info (ChunkID:-1 Root:root:/ File:C:/Program Files/Epic Games/UE_4.27/FeaturePacks/TP_VehicleBP.upack)
[2022.02.22-01.59.46:795][  0]LogPakFile: OnPakFileMounted2Time == 0.000033
[2022.02.22-01.59.46:795][  0]LogPakFile: PakFile PrimaryIndexSize=192
[2022.02.22-01.59.46:796][  0]LogPakFile: PakFile PathHashIndexSize=101
[2022.02.22-01.59.46:796][  0]LogPakFile: PakFile FullDirectoryIndexSize=158
[2022.02.22-01.59.46:796][  0]LogShaderLibrary: Display: ShaderCodeLibraryPakFileMountedCallback: PakFile 'C:/Program Files/Epic Games/UE_4.27/FeaturePacks/TP_VirtualRealityBP.upack' (chunk index -1, root 'root:/') mounted
[2022.02.22-01.59.46:796][  0]LogShaderLibrary: Display: ShaderCodeLibraryPakFileMountedCallback: pending pak file info (ChunkID:-1 Root:root:/ File:C:/Program Files/Epic Games/UE_4.27/FeaturePacks/TP_VirtualRealityBP.upack)
[2022.02.22-01.59.46:796][  0]LogPakFile: OnPakFileMounted2Time == 0.000034
[2022.02.22-01.59.46:892][  0]LogNativeClassHierarchy: Verbose: Native class hierarchy updated for 'AddContentDialog' in 0.0003 seconds. Added 0 classes and 0 folders.
[2022.02.22-01.59.46:896][  0]LogNativeClassHierarchy: Verbose: Native class hierarchy updated for 'SceneOutliner' in 0.0003 seconds. Added 2 classes and 0 folders.
[2022.02.22-01.59.46:940][  0]LogSlate: Took 0.000280 seconds to synchronously load lazily loaded font '../../../Engine/Content/Slate/Fonts/Roboto-Regular.ttf' (155K)
[2022.02.22-01.59.47:580][  0]LogSlate: Took 0.000290 seconds to synchronously load lazily loaded font '../../../Engine/Content/Editor/Slate/Fonts/FontAwesome.ttf' (139K)
[2022.02.22-01.59.47:580][  0]LogSlate: Took 0.000276 seconds to synchronously load lazily loaded font '../../../Engine/Content/Slate/Fonts/Roboto-Bold.ttf' (160K)
[2022.02.22-01.59.47:687][  0]LogRenderer: Reallocating scene render targets to support 1024x572 Format 10 NumSamples 1 (Frame:1).
[2022.02.22-01.59.47:746][  0]LogSlate: Took 0.000310 seconds to synchronously load lazily loaded font '../../../Engine/Content/Slate/Fonts/Roboto-Light.ttf' (167K)
[2022.02.22-01.59.47:810][  0]LogNativeClassHierarchy: Verbose: Native class hierarchy updated for 'HierarchicalLODOutliner' in 0.0003 seconds. Added 0 classes and 0 folders.
[2022.02.22-01.59.47:811][  0]LogLoad: (Engine Initialization) Total time: 10.42 seconds
[2022.02.22-01.59.47:811][  0]LogLoad: (Engine Initialization) Total Blueprint compile time: 0.00 seconds
[2022.02.22-01.59.47:849][  0]LogTemp: Warning: CubePawn constructor called
[2022.02.22-01.59.47:877][  0]LogAssetRegistry: Asset discovery search completed in 5.5090 seconds
[2022.02.22-01.59.47:883][  0]LogCollectionManager: Fixed up redirectors for 0 collections in 0.000003 seconds (updated 0 objects)
[2022.02.22-01.59.47:884][  0]LogContentStreaming: Texture pool size now 1000 MB
[2022.02.22-01.59.51:840][ 12]LogSlate: Window 'Editor Preferences' being destroyed
[2022.02.22-01.59.51:844][ 12]LogSlate: Window 'Editor Preferences' being destroyed
[2022.02.22-02.00.15:027][831]LogSlate: Took 0.000287 seconds to synchronously load lazily loaded font '../../../Engine/Content/Slate/Fonts/Roboto-Italic.ttf' (157K)
[2022.02.22-02.06.58:014][437]LogSlate: Took 0.000257 seconds to synchronously load lazily loaded font '../../../Engine/Content/Slate/Fonts/Roboto-Light.ttf' (167K)
[2022.02.22-02.06.58:040][437]Running C:/Program Files/Epic Games/UE_4.27/Engine/Binaries/DotNET/UnrealBuildTool.exe  -projectfiles -project="C:/Users/Ludo/source/repos/rubiks-cube-solver/RubiksCubeSolver/RubiksCubeSolver.uproject" -game -rocket -progress
[2022.02.22-02.06.58:663][437]Discovering modules, targets and source code for project...
[2022.02.22-02.07.03:309][437]Binding IntelliSense data...
[2022.02.22-02.07.10:297][437]Binding IntelliSense data... 100%
[2022.02.22-02.07.10:297][437]Writing project files...
[2022.02.22-02.07.15:650][437]Writing project files... 100%
[2022.02.22-02.14.04:963][511]LogAudioMixer: Display: Audio Buffer Underrun (starvation) detected.
[2022.02.22-02.14.25:297][571]LogAudioMixer: Display: Audio Buffer Underrun (starvation) detected.
[2022.02.22-02.17.32:200][125]LogHotReload: New module detected: UE4Editor-RubiksCubeSolver-0031.dll
[2022.02.22-02.17.33:219][129]LogHotReload: Starting Hot-Reload from IDE
[2022.02.22-02.17.33:256][129]LogTemp: Warning: CubePawn constructor called
[2022.02.22-02.17.33:262][129]LogNativeClassHierarchy: Verbose: Native class hierarchy updated for 'RubiksCubeSolver' in 0.0003 seconds. Added 3 classes and 2 folders.
[2022.02.22-02.17.33:264][129]Display: HotReload successful (0 functions remapped  0 scriptstructs remapped)
[2022.02.22-02.17.33:330][129]LogNativeClassHierarchy: Verbose: Native class hierarchy populated in 0.0096 seconds. Added 3825 classes and 930 folders.
[2022.02.22-02.17.33:345][129]Display: HotReload took  0.1s.
[2022.02.22-02.18.29:115][459]LogAudioMixer: Display: Audio Buffer Underrun (starvation) detected.
[2022.02.22-02.27.59:685][155]LogAudioMixer: Display: Audio Buffer Underrun (starvation) detected.
